
🚀 Iniciando navegador...
✓ Pronto


============================================================
📊 UNICREDI - TOTAL: 113 registros
============================================================

[1/113] 10/11/2025 - Entrada - Doc: CRED
✓ OK!
[2/113] 10/11/2025 - Saída   - Doc: DEB
✓ OK!
[3/113] 11/11/2025 - Entrada - Doc: CRED
✓ OK!
[4/113] 11/11/2025 - Entrada - Doc: CRED
✓ OK!
[5/113] 12/11/2025 - Entrada - Doc: GWqWIelvfH
✓ OK!
[6/113] 12/11/2025 - Saída   - Doc: 2
✓ OK!
[7/113] 12/11/2025 - Entrada - Doc: CRED
✓ OK!
[8/113] 13/11/2025 - Entrada - Doc: CRED
✓ OK!
[9/113] 13/11/2025 - Entrada - Doc: CRED
✓ OK!
[10/113] 13/11/2025 - Saída   - Doc: DEB
✓ OK!
[11/113] 13/11/2025 - Saída   - Doc: DEB
✓ OK!
[12/113] 14/11/2025 - Entrada - Doc: uqVVXgOgtw
✓ OK!
[13/113] 14/11/2025 - Saída   - Doc: 3
✓ OK!
[14/113] 14/11/2025 - Saída   - Doc: PGTO
✓ OK!
[15/113] 14/11/2025 - Saída   - Doc: DEB
✓ OK!
[16/113] 14/11/2025 - Saída   - Doc: DEB
✓ OK!
[17/113] 14/11/2025 - Saída   - Doc: DEB
✓ OK!
[18/113] 14/11/2025 - Saída   - Doc: DEB
✓ OK!
[19/113] 14/11/2025 - Saída   - Doc: DEB
✓ OK!
[20/113] 17/11/2025 - Entrada - Doc: CTO03qX6CL
✓ OK!
[21/113] 17/11/2025 - Saída   - Doc: 2
✓ OK!
[22/113] 17/11/2025 - Entrada - Doc: CRED
✓ OK!
[23/113] 17/11/2025 - Saída   - Doc: DEB
✓ OK!
[24/113] 17/11/2025 - Saída   - Doc: DEB
✓ OK!
[25/113] 17/11/2025 - Saída   - Doc: PGTO
✓ OK!
[26/113] 17/11/2025 - Saída   - Doc: DEB
✓ OK!
[27/113] 17/11/2025 - Saída   - Doc: DEB
✓ OK!
[28/113] 17/11/2025 - Saída   - Doc: DEB
✓ OK!
[29/113] 17/11/2025 - Saída   - Doc: PGTO
✓ OK!
[30/113] 17/11/2025 - Saída   - Doc: DEB
✓ OK!
[31/113] 17/11/2025 - Saída   - Doc: DEB
✓ OK!
[32/113] 17/11/2025 - Saída   - Doc: DEB
✓ OK!
[33/113] 17/11/2025 - Saída   - Doc: DEB
✓ OK!
[34/113] 17/11/2025 - Saída   - Doc: DEB
✓ OK!
[35/113] 17/11/2025 - Saída   - Doc: DEB
✓ OK!
[36/113] 17/11/2025 - Entrada - Doc: CRED
✓ OK!
[37/113] 18/11/2025 - Entrada - Doc: 2TMNhcYJrr
✓ OK!
[38/113] 18/11/2025 - Saída   - Doc: 1
✓ OK!
[39/113] 18/11/2025 - Saída   - Doc: DEB
✓ OK!
[40/113] 18/11/2025 - Saída   - Doc: DEB
✓ OK!
[41/113] 18/11/2025 - Saída   - Doc: DEB
✓ OK!
[42/113] 18/11/2025 - Saída   - Doc: DEB
✓ OK!
[43/113] 18/11/2025 - Saída   - Doc: DEB
✓ OK!
[44/113] 18/11/2025 - Saída   - Doc: DEB
✓ OK!
[45/113] 18/11/2025 - Saída   - Doc: DEB
✓ OK!
[46/113] 18/11/2025 - Saída   - Doc: DEB
✓ OK!
[47/113] 18/11/2025 - Saída   - Doc: DEB
✓ OK!
[48/113] 18/11/2025 - Saída   - Doc: DEB
✓ OK!
[49/113] 18/11/2025 - Saída   - Doc: DEB
✓ OK!
[50/113] 18/11/2025 - Saída   - Doc: DEB
✓ OK!
[51/113] 18/11/2025 - Saída   - Doc: DEB
✓ OK!
[52/113] 18/11/2025 - Saída   - Doc: DEB
✓ OK!
[53/113] 18/11/2025 - Saída   - Doc: DEB
✓ OK!
[54/113] 18/11/2025 - Saída   - Doc: DEB
✓ OK!
[55/113] 18/11/2025 - Saída   - Doc: DEB
✓ OK!
[56/113] 18/11/2025 - Saída   - Doc: DEB
✓ OK!
[57/113] 18/11/2025 - Saída   - Doc: DEB
✓ OK!
[58/113] 18/11/2025 - Saída   - Doc: DEB
✓ OK!
[59/113] 18/11/2025 - Saída   - Doc: DEB
✓ OK!
[60/113] 18/11/2025 - Saída   - Doc: DEB
✓ OK!
[61/113] 18/11/2025 - Saída   - Doc: DEB
✓ OK!
[62/113] 18/11/2025 - Saída   - Doc: DEB
✓ OK!
[63/113] 18/11/2025 - Saída   - Doc: DEB
✓ OK!
[64/113] 18/11/2025 - Saída   - Doc: DEB
✓ OK!
[65/113] 18/11/2025 - Saída   - Doc: DEB
✓ OK!
[66/113] 18/11/2025 - Saída   - Doc: DEB
✓ OK!
[67/113] 18/11/2025 - Saída   - Doc: DEB
✓ OK!
[68/113] 19/11/2025 - Entrada - Doc: 5m8HL18fTO
✓ OK!
[69/113] 19/11/2025 - Saída   - Doc: 5
✓ OK!
[70/113] 19/11/2025 - Saída   - Doc: DEB
✓ OK!
[71/113] 19/11/2025 - Saída   - Doc: DEB
✓ OK!
[72/113] 19/11/2025 - Entrada - Doc: CRED
✓ OK!
[73/113] 19/11/2025 - Saída   - Doc: DEB
✓ OK!
[74/113] 19/11/2025 - Saída   - Doc: DEB
✓ OK!
[75/113] 19/11/2025 - Saída   - Doc: DEB
✓ OK!
[76/113] 19/11/2025 - Saída   - Doc: DEB
✓ OK!
[77/113] 19/11/2025 - Saída   - Doc: DEB
✓ OK!
[78/113] 19/11/2025 - Saída   - Doc: DEB
✓ OK!
[79/113] 19/11/2025 - Saída   - Doc: DEB
✓ OK!
[80/113] 19/11/2025 - Saída   - Doc: DEB
✓ OK!
[81/113] 19/11/2025 - Saída   - Doc: DEB
✓ OK!
[82/113] 19/11/2025 - Saída   - Doc: DEB
✓ OK!
[83/113] 19/11/2025 - Saída   - Doc: DEB
✓ OK!
[84/113] 19/11/2025 - Saída   - Doc: DEB
✓ OK!
[85/113] 19/11/2025 - Saída   - Doc: DEB
✓ OK!
[86/113] 19/11/2025 - Saída   - Doc: DEB
✓ OK!
[87/113] 19/11/2025 - Saída   - Doc: DEB
✓ OK!
[88/113] 19/11/2025 - Saída   - Doc: DEB
✓ OK!
[89/113] 19/11/2025 - Saída   - Doc: DEB
✓ OK!
[90/113] 19/11/2025 - Saída   - Doc: DEB
✓ OK!
[91/113] 19/11/2025 - Saída   - Doc: DEB
✓ OK!
[92/113] 19/11/2025 - Saída   - Doc: DEB
✓ OK!
[93/113] 19/11/2025 - Saída   - Doc: DEB
✓ OK!
[94/113] 19/11/2025 - Saída   - Doc: DEB
✓ OK!
[95/113] 19/11/2025 - Saída   - Doc: DEB
✓ OK!
[96/113] 19/11/2025 - Saída   - Doc: DEB
✓ OK!
[97/113] 19/11/2025 - Saída   - Doc: DEB
✓ OK!
[98/113] 19/11/2025 - Saída   - Doc: DEB
✓ OK!
[99/113] 19/11/2025 - Saída   - Doc: DEB
✓ OK!
[100/113] 19/11/2025 - Saída   - Doc: DEB
✓ OK!
[101/113] 19/11/2025 - Saída   - Doc: PGTO
✓ OK!
[102/113] 19/11/2025 - Saída   - Doc: PGTO
✓ OK!
[103/113] 19/11/2025 - Saída   - Doc: DEB
✓ OK!
[104/113] 19/11/2025 - Saída   - Doc: DEB
✓ OK!
[105/113] 19/11/2025 - Saída   - Doc: DEB
✓ OK!
[106/113] 19/11/2025 - Saída   - Doc: DEB
✓ OK!
[107/113] 19/11/2025 - Saída   - Doc: DEB
✓ OK!
[108/113] 19/11/2025 - Saída   - Doc: PGTO
✓ OK!
[109/113] 19/11/2025 - Saída   - Doc: PGTO
✓ OK!
[110/113] 19/11/2025 - Saída   - Doc: PGTO
✓ OK!
[111/113] 19/11/2025 - Saída   - Doc: DEB
✓ OK!
[112/113] 19/11/2025 - Saída   - Doc: PGTO
✓ OK!
[113/113] 21/11/2025 - Saída   - Doc: 7
✓ OK!

============================================================
RESUMO UNICRED
============================================================
✓ Sucesso: 113
✗ Erro: 0
============================================================


🚀 Iniciando navegador...
✓ Pronto


============================================================
📊 UNICREDI - TOTAL: 18 registros
✓ Ja lancados: 13
============================================================

[1/18] 13/11/2025 - Entrada - Doc: 42692
✓ OK!
[2/18] 17/11/2025 - Saída   - Doc: Hanna
✓ OK!
[3/18] 17/11/2025 - Saída   - Doc: TED
✓ OK!
[4/18] 17/11/2025 - Saída   - Doc: TED
✓ OK!
[5/18] 17/11/2025 - Saída   - Doc: 5159214
✓ OK!
[6/18] 17/11/2025 - Saída   - Doc: 5150414
✓ OK!
[7/18] 17/11/2025 - Saída   - Doc: 2195
✓ OK!
[8/18] 19/11/2025 - Saída   - Doc: TED
✓ OK!
[9/18] 19/11/2025 - Saída   - Doc: TED
✓ OK!
[10/18] 19/11/2025 - Saída   - Doc: TED
✓ OK!
[11/18] 19/11/2025 - Saída   - Doc: TED
✓ OK!
[12/18] 19/11/2025 - Entrada - Doc: 174866
✓ OK!
[13/18] 19/11/2025 - Saída   - Doc: TED
✓ OK!
[14/18] 19/11/2025 - Saída   - Doc: TED
✓ OK!
[15/18] 19/11/2025 - Saída   - Doc: TED
✓ OK!
[16/18] 19/11/2025 - Saída   - Doc: TED
✓ OK!
[17/18] 19/11/2025 - Saída   - Doc: TED
✓ OK!
[18/18] 19/11/2025 - Saída   - Doc: TED
✓ OK!

============================================================
RESUMO UNICRED
============================================================
✓ Sucesso: 18
✗ Erro: 0
============================================================


🚀 Iniciando navegador...
✓ Pronto


⚠ PAUSADO - Salvos: 0

============================================================
RESUMO UNICRED
============================================================
✓ Sucesso: 0
✗ Erro: 0
============================================================


🚀 Iniciando navegador...
✓ Pronto


============================================================
📊 UNICREDI - TOTAL: 130 registros
============================================================

[1/130] 10/11/2025 - Entrada - Doc: CRED
✓ OK!
[2/130] 10/11/2025 - Saída   - Doc: DEB
✓ OK!
[3/130] 11/11/2025 - Entrada - Doc: CRED
✓ OK!
[4/130] 12/11/2025 - Entrada - Doc: GWqWIelvfH
✓ OK!
[5/130] 12/11/2025 - Saída   - Doc: 2
✓ OK!
[6/130] 12/11/2025 - Entrada - Doc: CRED
✓ OK!
[7/130] 13/11/2025 - Entrada - Doc: CRED
✓ OK!
[8/130] 13/11/2025 - Entrada - Doc: CRED
✓ OK!
[9/130] 13/11/2025 - Entrada - Doc: 42692
✓ OK!
[10/130] 13/11/2025 - Saída   - Doc: DEB
✓ OK!
[11/130] 13/11/2025 - Saída   - Doc: DEB
✓ OK!
[12/130] 14/11/2025 - Entrada - Doc: uqVVXgOgtw
✓ OK!
[13/130] 14/11/2025 - Saída   - Doc: 3
✓ OK!
[14/130] 14/11/2025 - Saída   - Doc: PGTO
✓ OK!
[15/130] 14/11/2025 - Saída   - Doc: DEB
✓ OK!
[16/130] 14/11/2025 - Saída   - Doc: DEB
✓ OK!
[17/130] 14/11/2025 - Saída   - Doc: DEB
✓ OK!
[18/130] 14/11/2025 - Saída   - Doc: DEB
✓ OK!
[19/130] 14/11/2025 - Saída   - Doc: DEB
✓ OK!
[20/130] 17/11/2025 - Entrada - Doc: CTO03qX6CL
✓ OK!
[21/130] 17/11/2025 - Saída   - Doc: 2
✓ OK!
[22/130] 17/11/2025 - Entrada - Doc: CRED
✓ OK!
[23/130] 17/11/2025 - Saída   - Doc: Hanna
✓ OK!
[24/130] 17/11/2025 - Saída   - Doc: DEB
✓ OK!
[25/130] 17/11/2025 - Saída   - Doc: DEB
✓ OK!
[26/130] 17/11/2025 - Saída   - Doc: PGTO
✓ OK!
[27/130] 17/11/2025 - Saída   - Doc: DEB
✓ OK!
[28/130] 17/11/2025 - Saída   - Doc: TED
✓ OK!
[29/130] 17/11/2025 - Saída   - Doc: TED
✓ OK!
[30/130] 17/11/2025 - Saída   - Doc: DEB
✓ OK!
[31/130] 17/11/2025 - Saída   - Doc: DEB
✓ OK!
[32/130] 17/11/2025 - Saída   - Doc: PGTO
✓ OK!
[33/130] 17/11/2025 - Saída   - Doc: DEB
✓ OK!
[34/130] 17/11/2025 - Saída   - Doc: DEB
✓ OK!
[35/130] 17/11/2025 - Saída   - Doc: DEB
✓ OK!
[36/130] 17/11/2025 - Saída   - Doc: 5159214
✓ OK!
[37/130] 17/11/2025 - Saída   - Doc: 5150414
✓ OK!
[38/130] 17/11/2025 - Saída   - Doc: DEB
✓ OK!
[39/130] 17/11/2025 - Saída   - Doc: 2195
✓ OK!
[40/130] 17/11/2025 - Saída   - Doc: DEB
✓ OK!
[41/130] 17/11/2025 - Saída   - Doc: DEB
✓ OK!
[42/130] 17/11/2025 - Entrada - Doc: CRED
✓ OK!
[43/130] 18/11/2025 - Entrada - Doc: 2TMNhcYJrr
✓ OK!
[44/130] 18/11/2025 - Saída   - Doc: 1
✓ OK!
[45/130] 18/11/2025 - Saída   - Doc: DEB
✓ OK!
[46/130] 18/11/2025 - Saída   - Doc: DEB
✓ OK!
[47/130] 18/11/2025 - Saída   - Doc: DEB
✓ OK!
[48/130] 18/11/2025 - Saída   - Doc: DEB
✓ OK!
[49/130] 18/11/2025 - Saída   - Doc: DEB
✓ OK!
[50/130] 18/11/2025 - Saída   - Doc: DEB
✓ OK!
[51/130] 18/11/2025 - Saída   - Doc: DEB
✓ OK!
[52/130] 18/11/2025 - Saída   - Doc: DEB
✓ OK!
[53/130] 18/11/2025 - Saída   - Doc: DEB
✓ OK!
[54/130] 18/11/2025 - Saída   - Doc: DEB
✓ OK!
[55/130] 18/11/2025 - Saída   - Doc: DEB
✓ OK!
[56/130] 18/11/2025 - Saída   - Doc: DEB
✓ OK!
[57/130] 18/11/2025 - Saída   - Doc: DEB
✓ OK!
[58/130] 18/11/2025 - Saída   - Doc: DEB
✓ OK!
[59/130] 18/11/2025 - Saída   - Doc: DEB
✓ OK!
[60/130] 18/11/2025 - Saída   - Doc: DEB
✓ OK!
[61/130] 18/11/2025 - Saída   - Doc: DEB
✓ OK!
[62/130] 18/11/2025 - Saída   - Doc: DEB
✓ OK!
[63/130] 18/11/2025 - Saída   - Doc: DEB
✓ OK!
[64/130] 18/11/2025 - Saída   - Doc: DEB
✓ OK!
[65/130] 18/11/2025 - Saída   - Doc: DEB
✓ OK!
[66/130] 18/11/2025 - Saída   - Doc: DEB
✓ OK!
[67/130] 18/11/2025 - Saída   - Doc: DEB
✓ OK!
[68/130] 18/11/2025 - Saída   - Doc: DEB
✓ OK!
[69/130] 18/11/2025 - Saída   - Doc: DEB
✓ OK!
[70/130] 18/11/2025 - Saída   - Doc: DEB
✓ OK!
[71/130] 18/11/2025 - Saída   - Doc: DEB
✓ OK!
[72/130] 18/11/2025 - Saída   - Doc: DEB
✓ OK!
[73/130] 18/11/2025 - Saída   - Doc: DEB
✓ OK!
[74/130] 19/11/2025 - Entrada - Doc: 5m8HL18fTO
✓ OK!
[75/130] 19/11/2025 - Saída   - Doc: 5
✓ OK!
[76/130] 19/11/2025 - Saída   - Doc: DEB
✓ OK!
[77/130] 19/11/2025 - Saída   - Doc: DEB
✓ OK!
[78/130] 19/11/2025 - Saída   - Doc: TED
✓ OK!
[79/130] 19/11/2025 - Saída   - Doc: TED
✓ OK!
[80/130] 19/11/2025 - Saída   - Doc: TED
✓ OK!
[81/130] 19/11/2025 - Saída   - Doc: TED
✓ OK!
[82/130] 19/11/2025 - Entrada - Doc: 174866
✓ OK!
[83/130] 19/11/2025 - Entrada - Doc: CRED
✓ OK!
[84/130] 19/11/2025 - Saída   - Doc: DEB
✓ OK!
[85/130] 19/11/2025 - Saída   - Doc: DEB
✓ OK!
[86/130] 19/11/2025 - Saída   - Doc: DEB
✓ OK!
[87/130] 19/11/2025 - Saída   - Doc: DEB
✓ OK!
[88/130] 19/11/2025 - Saída   - Doc: DEB
✓ OK!
[89/130] 19/11/2025 - Saída   - Doc: TED
✓ OK!
[90/130] 19/11/2025 - Saída   - Doc: TED
✓ OK!
[91/130] 19/11/2025 - Saída   - Doc: DEB
✓ OK!
[92/130] 19/11/2025 - Saída   - Doc: DEB
✓ OK!
[93/130] 19/11/2025 - Saída   - Doc: DEB
✓ OK!
[94/130] 19/11/2025 - Saída   - Doc: DEB
✓ OK!
[95/130] 19/11/2025 - Saída   - Doc: TED
✓ OK!
[96/130] 19/11/2025 - Saída   - Doc: TED
✓ OK!
[97/130] 19/11/2025 - Saída   - Doc: DEB
✓ OK!
[98/130] 19/11/2025 - Saída   - Doc: DEB
✓ OK!
[99/130] 19/11/2025 - Saída   - Doc: DEB
✓ OK!
[100/130] 19/11/2025 - Saída   - Doc: DEB
✓ OK!
[101/130] 19/11/2025 - Saída   - Doc: DEB
✓ OK!
[102/130] 19/11/2025 - Saída   - Doc: DEB
✓ OK!
[103/130] 19/11/2025 - Saída   - Doc: DEB
✓ OK!
[104/130] 19/11/2025 - Saída   - Doc: DEB
✓ OK!
[105/130] 19/11/2025 - Saída   - Doc: DEB
✓ OK!
[106/130] 19/11/2025 - Saída   - Doc: DEB
✓ OK!
[107/130] 19/11/2025 - Saída   - Doc: DEB
✓ OK!
[108/130] 19/11/2025 - Saída   - Doc: DEB
✓ OK!
[109/130] 19/11/2025 - Saída   - Doc: DEB
✓ OK!
[110/130] 19/11/2025 - Saída   - Doc: DEB
✓ OK!
[111/130] 19/11/2025 - Saída   - Doc: TED
✓ OK!
[112/130] 19/11/2025 - Saída   - Doc: TED
✓ OK!
[113/130] 19/11/2025 - Saída   - Doc: DEB
✓ OK!
[114/130] 19/11/2025 - Saída   - Doc: DEB
✓ OK!
[115/130] 19/11/2025 - Saída   - Doc: DEB
✓ OK!
[116/130] 19/11/2025 - Saída   - Doc: DEB
✓ OK!
[117/130] 19/11/2025 - Saída   - Doc: DEB
✓ OK!
[118/130] 19/11/2025 - Saída   - Doc: PGTO
✓ OK!
[119/130] 19/11/2025 - Saída   - Doc: PGTO
✓ OK!
[120/130] 19/11/2025 - Saída   - Doc: DEB
✓ OK!
[121/130] 19/11/2025 - Saída   - Doc: DEB
✓ OK!
[122/130] 19/11/2025 - Saída   - Doc: DEB
✓ OK!
[123/130] 19/11/2025 - Saída   - Doc: DEB
✓ OK!
[124/130] 19/11/2025 - Saída   - Doc: DEB
✓ OK!
[125/130] 19/11/2025 - Saída   - Doc: PGTO
✓ OK!
[126/130] 19/11/2025 - Saída   - Doc: PGTO
✓ OK!
[127/130] 19/11/2025 - Saída   - Doc: PGTO
✓ OK!
[128/130] 19/11/2025 - Saída   - Doc: DEB
✓ OK!
[129/130] 19/11/2025 - Saída   - Doc: PGTO
✓ OK!
[130/130] 21/11/2025 - Saída   - Doc: 7
✓ OK!

============================================================
RESUMO UNICRED
============================================================
✓ Sucesso: 130
✗ Erro: 0
============================================================


🚀 Iniciando navegador...
✓ Pronto


============================================================
📊 UNICREDI - TOTAL: 12 registros
✓ Ja lancados: 20
============================================================

[1/12] 27/11/2025 - Entrada - Doc: 
✓ OK!
[2/12] 27/11/2025 - Saída   - Doc: 4

⚠ PAUSADO - Salvos: 1

============================================================
RESUMO UNICRED
============================================================
✓ Sucesso: 1
✗ Erro: 1
============================================================


🚀 Iniciando navegador...
✓ Pronto


============================================================
📊 UNICREDI - TOTAL: 35 registros
============================================================

[1/35] 26/11/2025 - Saída   - Doc: DEB
✓ OK!
[2/35] 26/11/2025 - Saída   - Doc: DEB
✓ OK!
[3/35] 26/11/2025 - Saída   - Doc: DEB
✓ OK!
[4/35] 27/11/2025 - Entrada - Doc: 
✓ OK!
[5/35] 27/11/2025 - Saída   - Doc: 4
[6/35] 27/11/2025 - Entrada - Doc: 1009222
[7/35] 27/11/2025 - Entrada - Doc: 
[8/35] 27/11/2025 - Saída   - Doc: DEB
Retrying (Retry(total=2, connect=None, read=None, redirect=None, status=None)) after connection broken by 'NewConnectionError('<urllib3.connection.HTTPConnection object at 0x000001D2542E2450>: Failed to establish a new connection: [WinError 10061] Nenhuma conexão pôde ser feita porque a máquina de destino as recusou ativamente')': /session/305c8ddbb617882c71392d5b3bfa8486/frame
Retrying (Retry(total=1, connect=None, read=None, redirect=None, status=None)) after connection broken by 'NewConnectionError('<urllib3.connection.HTTPConnection object at 0x000001D2542FF130>: Failed to establish a new connection: [WinError 10061] Nenhuma conexão pôde ser feita porque a máquina de destino as recusou ativamente')': /session/305c8ddbb617882c71392d5b3bfa8486/frame
Retrying (Retry(total=0, connect=None, read=None, redirect=None, status=None)) after connection broken by 'NewConnectionError('<urllib3.connection.HTTPConnection object at 0x000001D2542FF460>: Failed to establish a new connection: [WinError 10061] Nenhuma conexão pôde ser feita porque a máquina de destino as recusou ativamente')': /session/305c8ddbb617882c71392d5b3bfa8486/frame
Retrying (Retry(total=2, connect=None, read=None, redirect=None, status=None)) after connection broken by 'NewConnectionError('<urllib3.connection.HTTPConnection object at 0x000001D2542FFBD0>: Failed to establish a new connection: [WinError 10061] Nenhuma conexão pôde ser feita porque a máquina de destino as recusou ativamente')': /session/305c8ddbb617882c71392d5b3bfa8486/frame
Retrying (Retry(total=1, connect=None, read=None, redirect=None, status=None)) after connection broken by 'NewConnectionError('<urllib3.connection.HTTPConnection object at 0x000001D2542FFF00>: Failed to establish a new connection: [WinError 10061] Nenhuma conexão pôde ser feita porque a máquina de destino as recusou ativamente')': /session/305c8ddbb617882c71392d5b3bfa8486/frame
Retrying (Retry(total=0, connect=None, read=None, redirect=None, status=None)) after connection broken by 'NewConnectionError('<urllib3.connection.HTTPConnection object at 0x000001D254B74380>: Failed to establish a new connection: [WinError 10061] Nenhuma conexão pôde ser feita porque a máquina de destino as recusou ativamente')': /session/305c8ddbb617882c71392d5b3bfa8486/frame
[9/35] 27/11/2025 - Saída   - Doc: DEB
Retrying (Retry(total=2, connect=None, read=None, redirect=None, status=None)) after connection broken by 'NewConnectionError('<urllib3.connection.HTTPConnection object at 0x000001D254B74C00>: Failed to establish a new connection: [WinError 10061] Nenhuma conexão pôde ser feita porque a máquina de destino as recusou ativamente')': /session/305c8ddbb617882c71392d5b3bfa8486/frame
Retrying (Retry(total=1, connect=None, read=None, redirect=None, status=None)) after connection broken by 'NewConnectionError('<urllib3.connection.HTTPConnection object at 0x000001D254B74F30>: Failed to establish a new connection: [WinError 10061] Nenhuma conexão pôde ser feita porque a máquina de destino as recusou ativamente')': /session/305c8ddbb617882c71392d5b3bfa8486/frame
Retrying (Retry(total=0, connect=None, read=None, redirect=None, status=None)) after connection broken by 'NewConnectionError('<urllib3.connection.HTTPConnection object at 0x000001D254B75260>: Failed to establish a new connection: [WinError 10061] Nenhuma conexão pôde ser feita porque a máquina de destino as recusou ativamente')': /session/305c8ddbb617882c71392d5b3bfa8486/frame
Retrying (Retry(total=2, connect=None, read=None, redirect=None, status=None)) after connection broken by 'NewConnectionError('<urllib3.connection.HTTPConnection object at 0x000001D254B759D0>: Failed to establish a new connection: [WinError 10061] Nenhuma conexão pôde ser feita porque a máquina de destino as recusou ativamente')': /session/305c8ddbb617882c71392d5b3bfa8486/frame
Retrying (Retry(total=1, connect=None, read=None, redirect=None, status=None)) after connection broken by 'NewConnectionError('<urllib3.connection.HTTPConnection object at 0x000001D254B75D00>: Failed to establish a new connection: [WinError 10061] Nenhuma conexão pôde ser feita porque a máquina de destino as recusou ativamente')': /session/305c8ddbb617882c71392d5b3bfa8486/frame
Retrying (Retry(total=0, connect=None, read=None, redirect=None, status=None)) after connection broken by 'NewConnectionError('<urllib3.connection.HTTPConnection object at 0x000001D254B76030>: Failed to establish a new connection: [WinError 10061] Nenhuma conexão pôde ser feita porque a máquina de destino as recusou ativamente')': /session/305c8ddbb617882c71392d5b3bfa8486/frame
[10/35] 27/11/2025 - Entrada - Doc: 
Retrying (Retry(total=2, connect=None, read=None, redirect=None, status=None)) after connection broken by 'NewConnectionError('<urllib3.connection.HTTPConnection object at 0x000001D254B767A0>: Failed to establish a new connection: [WinError 10061] Nenhuma conexão pôde ser feita porque a máquina de destino as recusou ativamente')': /session/305c8ddbb617882c71392d5b3bfa8486/frame
Retrying (Retry(total=1, connect=None, read=None, redirect=None, status=None)) after connection broken by 'NewConnectionError('<urllib3.connection.HTTPConnection object at 0x000001D254B76AD0>: Failed to establish a new connection: [WinError 10061] Nenhuma conexão pôde ser feita porque a máquina de destino as recusou ativamente')': /session/305c8ddbb617882c71392d5b3bfa8486/frame
Retrying (Retry(total=0, connect=None, read=None, redirect=None, status=None)) after connection broken by 'NewConnectionError('<urllib3.connection.HTTPConnection object at 0x000001D254B76E00>: Failed to establish a new connection: [WinError 10061] Nenhuma conexão pôde ser feita porque a máquina de destino as recusou ativamente')': /session/305c8ddbb617882c71392d5b3bfa8486/frame

⚠ PAUSADO - Salvos: 4

============================================================
RESUMO UNICRED
============================================================
✓ Sucesso: 4
✗ Erro: 6
============================================================


🚀 Iniciando navegador...
✓ Pronto


⚠ PAUSADO - Salvos: 0

============================================================
RESUMO UNICRED
============================================================
✓ Sucesso: 0
✗ Erro: 0
============================================================


🚀 Iniciando navegador...
✓ Pronto


============================================================
📊 UNICREDI - TOTAL: 35 registros
============================================================

[1/35] 26/11/2025 - Saída   - Doc: DEB
✓ OK!
[2/35] 26/11/2025 - Saída   - Doc: DEB
✓ OK!
[3/35] 26/11/2025 - Saída   - Doc: DEB
✓ OK!
[4/35] 27/11/2025 - Entrada - Doc: 4Dxx85MTyt
✓ OK!
[5/35] 27/11/2025 - Saída   - Doc: 4
✓ OK!
[6/35] 27/11/2025 - Entrada - Doc: 1009222
✓ OK!
[7/35] 27/11/2025 - Entrada - Doc: CRED
✓ OK!
[8/35] 27/11/2025 - Saída   - Doc: DEB
✓ OK!
[9/35] 27/11/2025 - Saída   - Doc: DEB
✓ OK!
[10/35] 27/11/2025 - Entrada - Doc: CRED
✓ OK!
[11/35] 27/11/2025 - Entrada - Doc: CRED
✓ OK!
[12/35] 27/11/2025 - Entrada - Doc: CRED
✓ OK!
[13/35] 27/11/2025 - Entrada - Doc: CRED
✓ OK!
[14/35] 27/11/2025 - Saída   - Doc: DEB
✓ OK!
[15/35] 27/11/2025 - Saída   - Doc: DEB
✓ OK!
[16/35] 27/11/2025 - Entrada - Doc: CRED
✓ OK!
[17/35] 27/11/2025 - Saída   - Doc: DEB
✓ OK!
[18/35] 27/11/2025 - Saída   - Doc: DEB
✓ OK!
[19/35] 27/11/2025 - Saída   - Doc: DEB
✓ OK!
[20/35] 27/11/2025 - Saída   - Doc: DEB
✓ OK!
[21/35] 27/11/2025 - Saída   - Doc: DEB
✓ OK!
[22/35] 27/11/2025 - Saída   - Doc: DEB
✓ OK!
[23/35] 27/11/2025 - Saída   - Doc: DEB
✓ OK!
[24/35] 27/11/2025 - Saída   - Doc: DEB
✓ OK!
[25/35] 27/11/2025 - Saída   - Doc: DEB
✓ OK!
[26/35] 27/11/2025 - Saída   - Doc: DEB
✓ OK!
[27/35] 28/11/2025 - Entrada - Doc: 6TZ5GTbe4u
✓ OK!
[28/35] 28/11/2025 - Saída   - Doc: DEB
✓ OK!
[29/35] 28/11/2025 - Saída   - Doc: 2
✓ OK!
[30/35] 28/11/2025 - Saída   - Doc: DEB
✓ OK!
[31/35] 28/11/2025 - Saída   - Doc: DEB
✓ OK!
[32/35] 28/11/2025 - Saída   - Doc: DEB
✓ OK!
[33/35] 28/11/2025 - Saída   - Doc: DEB
✓ OK!
[34/35] 28/11/2025 - Saída   - Doc: DEB
✓ OK!
[35/35] 28/11/2025 - Entrada - Doc: CRED
✓ OK!

============================================================
RESUMO UNICRED
============================================================
✓ Sucesso: 35
✗ Erro: 0
============================================================


🚀 Iniciando navegador...
✓ Pronto


⚠ PAUSADO - Salvos: 0

============================================================
RESUMO UNICRED
============================================================
✓ Sucesso: 0
✗ Erro: 0
============================================================


🚀 Iniciando navegador...
✓ Pronto


============================================================
📊 UNICREDI - TOTAL: 43 registros
============================================================

[1/43] 01/12/2025 - Entrada - Doc: 8x7O1gt4he
✓ OK!
[2/43] 01/12/2025 - Entrada - Doc: eWnydseOv5
✓ OK!
[3/43] 01/12/2025 - Saída   - Doc: 3
✓ OK!
[4/43] 01/12/2025 - Saída   - Doc: 4
✓ OK!
[5/43] 01/12/2025 - Entrada - Doc: 3460002
✓ OK!
[6/43] 01/12/2025 - Saída   - Doc: DEB
✓ OK!
[7/43] 01/12/2025 - Saída   - Doc: 3009426
✓ OK!
[8/43] 01/12/2025 - Saída   - Doc: 82
✓ OK!
[9/43] 01/12/2025 - Entrada - Doc: CRED
✓ OK!
[10/43] 01/12/2025 - Saída   - Doc: DEB
✓ OK!
[11/43] 01/12/2025 - Saída   - Doc: DEB
✓ OK!
[12/43] 01/12/2025 - Saída   - Doc: DEB
✓ OK!
[13/43] 01/12/2025 - Saída   - Doc: DEB
✓ OK!
[14/43] 01/12/2025 - Saída   - Doc: DEB
✓ OK!
[15/43] 01/12/2025 - Saída   - Doc: DEB
✓ OK!
[16/43] 02/12/2025 - Entrada - Doc: dENSgeU5ZI
✓ OK!
[17/43] 02/12/2025 - Saída   - Doc: 4
✓ OK!
[18/43] 02/12/2025 - Saída   - Doc: DEB
✓ OK!
[19/43] 02/12/2025 - Saída   - Doc: DEB
✓ OK!
[20/43] 02/12/2025 - Saída   - Doc: DEB
✓ OK!
[21/43] 02/12/2025 - Saída   - Doc: DEB
✓ OK!
[22/43] 02/12/2025 - Saída   - Doc: DEB
✓ OK!
[23/43] 02/12/2025 - Saída   - Doc: DEB
✓ OK!
[24/43] 02/12/2025 - Saída   - Doc: TED
✓ OK!
[25/43] 02/12/2025 - Entrada - Doc: 174866
✓ OK!
[26/43] 02/12/2025 - Entrada - Doc: DEB
✓ OK!
[27/43] 02/12/2025 - Saída   - Doc: TED
✓ OK!
[28/43] 02/12/2025 - Entrada - Doc: DEB
✓ OK!
[29/43] 02/12/2025 - Saída   - Doc: DEB
✓ OK!
[30/43] 02/12/2025 - Saída   - Doc: DEB
✓ OK!
[31/43] 02/12/2025 - Entrada - Doc: CRED
✓ OK!
[32/43] 02/12/2025 - Saída   - Doc: 8248338
✓ OK!
[33/43] 03/12/2025 - Entrada - Doc: 3usZJIlEzf
✓ OK!
[34/43] 03/12/2025 - Saída   - Doc: 4
✓ OK!
[35/43] 03/12/2025 - Saída   - Doc: 52371644
✓ OK!
[36/43] 03/12/2025 - Saída   - Doc: DEB
✓ OK!
[37/43] 03/12/2025 - Saída   - Doc: DEB
✓ OK!
[38/43] 03/12/2025 - Saída   - Doc: DEB
✓ OK!
[39/43] 03/12/2025 - Saída   - Doc: DEB
✓ OK!
[40/43] 03/12/2025 - Saída   - Doc: DEB
✓ OK!
[41/43] 03/12/2025 - Entrada - Doc: CRE
✓ OK!
[42/43] 03/12/2025 - Saída   - Doc: 17566010
✓ OK!
[43/43] 03/12/2025 - Saída   - Doc: 09/2025
✓ OK!

============================================================
RESUMO UNICRED
============================================================
✓ Sucesso: 43
✗ Erro: 0
============================================================


🚀 Iniciando navegador...
✓ Pronto


============================================================
📊 UNICREDI - TOTAL: 19 registros
✓ Ja lancados: 18
============================================================

[1/19] 04/12/2025 - Entrada - Doc: 
✓ OK!
[2/19] 04/12/2025 - Saída   - Doc: 

⚠ PAUSADO - Salvos: 1

============================================================
RESUMO UNICRED
============================================================
✓ Sucesso: 1
✗ Erro: 0
============================================================


🚀 Iniciando navegador...
✓ Pronto


============================================================
📊 UNICREDI - TOTAL: 19 registros
============================================================

[1/19] 04/12/2025 - Entrada - Doc: CRED
✓ OK!
[2/19] 04/12/2025 - Saída   - Doc: DEB
✓ OK!
[3/19] 04/12/2025 - Saída   - Doc: DEB
✓ OK!
[4/19] 04/12/2025 - Saída   - Doc: DEB
✓ OK!
[5/19] 04/12/2025 - Saída   - Doc: DEB
✓ OK!
[6/19] 04/12/2025 - Saída   - Doc: DEB
✓ OK!
[7/19] 04/12/2025 - Saída   - Doc: DEB
✓ OK!
[8/19] 04/12/2025 - Saída   - Doc: DEB
✓ OK!
[9/19] 04/12/2025 - Saída   - Doc: 7610337300
✓ OK!
[10/19] 04/12/2025 - Saída   - Doc: DEB
✓ OK!
[11/19] 04/12/2025 - Saída   - Doc: DEB
✓ OK!
[12/19] 04/12/2025 - Saída   - Doc: DEB
✓ OK!
[13/19] 04/12/2025 - Saída   - Doc: DEB
✓ OK!
[14/19] 04/12/2025 - Saída   - Doc: DEB
✓ OK!
[15/19] 04/12/2025 - Saída   - Doc: DEB
✓ OK!
[16/19] 04/12/2025 - Saída   - Doc: DEB
✓ OK!
[17/19] 04/12/2025 - Saída   - Doc: DEB
✓ OK!
[18/19] 04/12/2025 - Saída   - Doc: DEB
✓ OK!
[19/19] 04/12/2025 - Saída   - Doc: DEB
✓ OK!

============================================================
RESUMO UNICRED
============================================================
✓ Sucesso: 19
✗ Erro: 0
============================================================


🚀 Iniciando navegador...
✓ Pronto


============================================================
📊 UNICREDI - TOTAL: 16 registros
============================================================

[1/16] 09/12/2025 - Saída   - Doc: 15
✓ OK!
[2/16] 09/12/2025 - Entrada - Doc: CRED
✓ OK!
[3/16] 09/12/2025 - Saída   - Doc: DEB
✓ OK!
[4/16] 09/12/2025 - Saída   - Doc: DEB
✓ OK!
[5/16] 09/12/2025 - Saída   - Doc: DEB
✓ OK!
[6/16] 09/12/2025 - Saída   - Doc: DEB
✓ OK!
[7/16] 09/12/2025 - Saída   - Doc: DEB
✓ OK!
[8/16] 09/12/2025 - Saída   - Doc: DEB
✓ OK!
[9/16] 09/12/2025 - Saída   - Doc: LUZ
✓ OK!
[10/16] 09/12/2025 - Saída   - Doc: DEB
✓ OK!
[11/16] 09/12/2025 - Saída   - Doc: INT
✓ OK!
[12/16] 09/12/2025 - Saída   - Doc: INT
✓ OK!
[13/16] 09/12/2025 - Saída   - Doc: DEB
✓ OK!
[14/16] 09/12/2025 - Saída   - Doc: DEB
✓ OK!
[15/16] 09/12/2025 - Saída   - Doc: DEB
✓ OK!
[16/16] 09/12/2025 - Saída   - Doc: 6881
✓ OK!

============================================================
RESUMO UNICRED
============================================================
✓ Sucesso: 16
✗ Erro: 0
============================================================


🚀 Iniciando navegador...
✓ Pronto


============================================================
📊 UNICREDI - TOTAL: 68 registros
✓ Ja lancados: 6
============================================================

[1/68] 03/11/2025 - Saída   - Doc: TAR
✓ OK!
[2/68] 03/11/2025 - Saída   - Doc: TAR
✓ OK!
[3/68] 03/11/2025 - Saída   - Doc: TAR
✓ OK!
[4/68] 04/11/2025 - Saída   - Doc: TAR
✓ OK!
[5/68] 04/11/2025 - Saída   - Doc: TAR
✓ OK!
[6/68] 04/11/2025 - Saída   - Doc: TAR
✓ OK!
[7/68] 05/11/2025 - Saída   - Doc: TAR
✓ OK!
[8/68] 05/11/2025 - Entrada - Doc: EST
✓ OK!
[9/68] 06/11/2025 - Saída   - Doc: TAR

⚠ PAUSADO - Salvos: 8

============================================================
RESUMO UNICRED
============================================================
✓ Sucesso: 8
✗ Erro: 1
============================================================

