
🚀 Iniciando navegador...
✓ Pronto


============================================================
📊 TOTAL: 135 registros
🔄 Retomando de onde parou...
✓ Já lançados: 24
============================================================

[1/135] 05/11/2025 - Doc: 4501778
✓ OK!
[2/135] 05/11/2025 - Doc: 5891069
✓ OK!
[3/135] 05/11/2025 - Doc: 5891498
✓ OK!
[4/135] 05/11/2025 - Doc: 5749648
✓ OK!
[5/135] 05/11/2025 - Doc: 6633809
✓ OK!
[6/135] 05/11/2025 - Doc: 4501778
✓ OK!
[7/135] 05/11/2025 - Doc: 4501778
✓ OK!
[8/135] 05/11/2025 - Doc: 1204312
✓ OK!
[9/135] 05/11/2025 - Doc: 1409537
✓ OK!
[10/135] 05/11/2025 - Doc: 1530478
✓ OK!
[11/135] 05/11/2025 - Doc: 1530493
✓ OK!
[12/135] 05/11/2025 - Doc: 1758305
✓ OK!
[13/135] 05/11/2025 - Doc: 1843328
✓ OK!
[14/135] 05/11/2025 - Doc: 1901563
✓ OK!
[15/135] 05/11/2025 - Doc: 1901581
✓ OK!
[16/135] 05/11/2025 - Doc: 1901596
✓ OK!
[17/135] 05/11/2025 - Doc: 1902015
✓ OK!
[18/135] 05/11/2025 - Doc: 1902037
✓ OK!
[19/135] 05/11/2025 - Doc: 1902053
✓ OK!
[20/135] 05/11/2025 - Doc: 1902066
✓ OK!
[21/135] 05/11/2025 - Doc: 1902075
✓ OK!
[22/135] 05/11/2025 - Doc: 1902085
✓ OK!
[23/135] 05/11/2025 - Doc: 1911106
✓ OK!
[24/135] 05/11/2025 - Doc: 1930045
✓ OK!
[25/135] 05/11/2025 - Doc: 1930049
✓ OK!
[26/135] 05/11/2025 - Doc: 1531192
✓ OK!
[27/135] 06/11/2025 - Doc: 5749104
✓ OK!
[28/135] 06/11/2025 - Doc: 5749549
✓ OK!
[29/135] 06/11/2025 - Doc: 1132141
✓ OK!
[30/135] 06/11/2025 - Doc: 1132160
✓ OK!
[31/135] 06/11/2025 - Doc: 1219331
✓ OK!
[32/135] 06/11/2025 - Doc: 1219341
✓ OK!
[33/135] 06/11/2025 - Doc: 1219354
✓ OK!
[34/135] 06/11/2025 - Doc: 1219362
✓ OK!
[35/135] 06/11/2025 - Doc: 1219364
✓ OK!
[36/135] 06/11/2025 - Doc: 1219367
✓ OK!
[37/135] 06/11/2025 - Doc: 1219370
✓ OK!
[38/135] 06/11/2025 - Doc: 1219386
✓ OK!
[39/135] 06/11/2025 - Doc: 1219401
✓ OK!
[40/135] 06/11/2025 - Doc: 1219418
✓ OK!
[41/135] 06/11/2025 - Doc: 1219427
✓ OK!
[42/135] 06/11/2025 - Doc: 1219447
✓ OK!
[43/135] 06/11/2025 - Doc: 1219466
✓ OK!
[44/135] 06/11/2025 - Doc: 1223591
✓ OK!
[45/135] 06/11/2025 - Doc: 1224011
✓ OK!
[46/135] 06/11/2025 - Doc: 1224035
✓ OK!
[47/135] 06/11/2025 - Doc: 1224055
✓ OK!
[48/135] 06/11/2025 - Doc: 1224076
✓ OK!
[49/135] 06/11/2025 - Doc: 1224111
✓ OK!
[50/135] 06/11/2025 - Doc: 1224127
✓ OK!
[51/135] 06/11/2025 - Doc: 1224139
✓ OK!
[52/135] 06/11/2025 - Doc: 1224154
✓ OK!
[53/135] 06/11/2025 - Doc: 1224166
✓ OK!
[54/135] 06/11/2025 - Doc: 1224177
✓ OK!
[55/135] 06/11/2025 - Doc: 1224191
✓ OK!
[56/135] 06/11/2025 - Doc: 1224203
✓ OK!
[57/135] 06/11/2025 - Doc: 1227139
✓ OK!
[58/135] 06/11/2025 - Doc: 1248102
✓ OK!
[59/135] 06/11/2025 - Doc: 1252224
✓ OK!
[60/135] 06/11/2025 - Doc: 1335204
✓ OK!
[61/135] 06/11/2025 - Doc: 1438281
✓ OK!
[62/135] 06/11/2025 - Doc: 1438298
✓ OK!
[63/135] 06/11/2025 - Doc: 1438310
✓ OK!
[64/135] 06/11/2025 - Doc: 1438325
✓ OK!
[65/135] 06/11/2025 - Doc: 1438337
✓ OK!
[66/135] 06/11/2025 - Doc: 1438349
✓ OK!
[67/135] 06/11/2025 - Doc: 1719119
✓ OK!
[68/135] 06/11/2025 - Doc: 1719356
✓ OK!
[69/135] 06/11/2025 - Doc: 1720025
✓ OK!
[70/135] 06/11/2025 - Doc: 1720305
✓ OK!
[71/135] 06/11/2025 - Doc: 1723191
✓ OK!
[72/135] 06/11/2025 - Doc: 1723375
✓ OK!
[73/135] 06/11/2025 - Doc: 1724246
✓ OK!
[74/135] 06/11/2025 - Doc: 848269
✓ OK!
[75/135] 06/11/2025 - Doc: 1332332
✓ OK!
[76/135] 06/11/2025 - Doc: 1432158
✓ OK!
[77/135] 06/11/2025 - Doc: 1432173
✓ OK!
[78/135] 07/11/2025 - Doc: 9017486
✓ OK!
[79/135] 07/11/2025 - Doc: 170
✓ OK!
[80/135] 07/11/2025 - Doc: 171
✓ OK!
[81/135] 07/11/2025 - Doc: 172
✓ OK!
[82/135] 07/11/2025 - Doc: 173
✓ OK!
[83/135] 07/11/2025 - Doc: 174
✓ OK!
[84/135] 07/11/2025 - Doc: 175
✓ OK!
[85/135] 07/11/2025 - Doc: 176
✓ OK!
[86/135] 07/11/2025 - Doc: 1130220
✓ OK!
[87/135] 07/11/2025 - Doc: 1510264
✓ OK!
[88/135] 07/11/2025 - Doc: 1642052
✓ OK!
[89/135] 07/11/2025 - Doc: 1644095
✓ OK!
[90/135] 07/11/2025 - Doc: 1655496
✓ OK!
[91/135] 07/11/2025 - Doc: 1655506
✓ OK!
[92/135] 07/11/2025 - Doc: 1657322
✓ OK!
[93/135] 07/11/2025 - Doc: 1655492
✓ OK!
[94/135] 07/11/2025 - Doc: 5965103
✓ OK!
[95/135] 10/11/2025 - Doc: 1914285
✓ OK!
[96/135] 10/11/2025 - Doc: 9017486
✓ OK!
[97/135] 10/11/2025 - Doc: 177
✓ OK!
[98/135] 10/11/2025 - Doc: 178
✓ OK!
[99/135] 10/11/2025 - Doc: 179
✓ OK!
[100/135] 10/11/2025 - Doc: 180
✓ OK!
[101/135] 10/11/2025 - Doc: 1815329
✓ OK!
[102/135] 10/11/2025 - Doc: 1815344
✓ OK!
[103/135] 10/11/2025 - Doc: 1815361
✓ OK!
[104/135] 10/11/2025 - Doc: 1815365
✓ OK!
[105/135] 10/11/2025 - Doc: 1815386
✓ OK!
[106/135] 10/11/2025 - Doc: 1911479
✓ OK!
[107/135] 11/11/2025 - Doc: 9017486
✓ OK!
[108/135] 11/11/2025 - Doc: 1031460
✓ OK!
[109/135] 11/11/2025 - Doc: 181
✓ OK!
[110/135] 11/11/2025 - Doc: 1451066
✓ OK!
[111/135] 11/11/2025 - Doc: 1543487
✓ OK!
[112/135] 11/11/2025 - Doc: 1633557
✓ OK!
[113/135] 11/11/2025 - Doc: 1644353
✓ OK!
[114/135] 11/11/2025 - Doc: 1644361
✓ OK!
[115/135] 11/11/2025 - Doc: 1806587
✓ OK!
[116/135] 11/11/2025 - Doc: 1807000
✓ OK!
[117/135] 11/11/2025 - Doc: 1807017
✓ OK!
[118/135] 11/11/2025 - Doc: 1807029
✓ OK!
[119/135] 11/11/2025 - Doc: 1807034
✓ OK!
[120/135] 12/11/2025 - Doc: 182
✓ OK!
[121/135] 12/11/2025 - Doc: 183
✓ OK!
[122/135] 12/11/2025 - Doc: 1441089
✓ OK!
[123/135] 12/11/2025 - Doc: 1446308
✓ OK!
[124/135] 12/11/2025 - Doc: 1446310
✓ OK!
[125/135] 12/11/2025 - Doc: 1452293
✓ OK!
[126/135] 12/11/2025 - Doc: 1706363
✓ OK!
[127/135] 12/11/2025 - Doc: 1706376
✓ OK!
[128/135] 12/11/2025 - Doc: 1416160
✓ OK!
[129/135] 12/11/2025 - Doc: 267926
✓ OK!
[130/135] 12/11/2025 - Doc: 1166836
✓ OK!
[131/135] 13/11/2025 - Doc: 953436
✓ OK!
[132/135] 14/11/2025 - Doc: 9017486
✓ OK!
[133/135] 14/11/2025 - Doc: 31125
✓ OK!
[134/135] 18/11/2025 - Doc: 9017486
✓ OK!
[135/135] 19/11/2025 - Doc: 31125
✓ OK!

============================================================
RESUMO
============================================================
✓ Sucesso: 135
✗ Erro: 0
Total processado: 135
============================================================


🚀 Iniciando navegador...
✓ Pronto



⚠ PAUSADO - Salvos: 0
Execute novamente para continuar de onde parou!

============================================================
RESUMO
============================================================
✓ Sucesso: 0
✗ Erro: 0
Total processado: 0
============================================================


🚀 Iniciando navegador...
✓ Pronto


============================================================
📊 TOTAL: 0 registros
🔄 Retomando de onde parou...
✓ Já lançados: 152
============================================================


============================================================
RESUMO
============================================================
✓ Sucesso: 0
✗ Erro: 0
Total processado: 0
============================================================


🚀 Iniciando navegador...
✓ Pronto


============================================================
📊 TOTAL: 0 registros
🔄 Retomando de onde parou...
✓ Já lançados: 152
============================================================


============================================================
RESUMO
============================================================
✓ Sucesso: 0
✗ Erro: 0
Total processado: 0
============================================================

