
🚀 Iniciando navegador...
✓ Navegador iniciado


============================================================
📊 TOTAL: 158 registros
============================================================


[1/158] 04/11/2025 - Doc: 5749146
✓ OK!

[2/158] 04/11/2025 - Doc: 1242441
  ✗ Erro ao clicar Novo: Message: 
Stacktrace:
Symbols not available. Dumping unresolved backtrace:
	0x7ff7916ea235
	0x7ff791442630
	0x7ff7911d16dd
	0x7ff79122a27e
	0x7ff79122a58c
	0x7ff79127ed77
	0x7ff79127baba
	0x7ff79121b0ed
	0x7ff79121bf63
	0x7ff791715d60
	0x7ff79170fe8a
	0x7ff791731005
	0x7ff79145d71e
	0x7ff791464e1f
	0x7ff79144b7c4
	0x7ff79144b97f
	0x7ff7914318e8
	0x7ffc4f75e8d7
	0x7ffc50c6c53c


[3/158] 04/11/2025 - Doc: 1242456
  ✗ Erro ao clicar Novo: Message: 
Stacktrace:
Symbols not available. Dumping unresolved backtrace:
	0x7ff7916ea235
	0x7ff791442630
	0x7ff7911d16dd
	0x7ff79122a27e
	0x7ff79122a58c
	0x7ff79127ed77
	0x7ff79127baba
	0x7ff79121b0ed
	0x7ff79121bf63
	0x7ff791715d60
	0x7ff79170fe8a
	0x7ff791731005
	0x7ff79145d71e
	0x7ff791464e1f
	0x7ff79144b7c4
	0x7ff79144b97f
	0x7ff7914318e8
	0x7ffc4f75e8d7
	0x7ffc50c6c53c


[4/158] 04/11/2025 - Doc: 1242474

🚀 Iniciando navegador...
✓ Navegador iniciado


============================================================
📊 TOTAL: 158 registros
============================================================


[1/158] 04/11/2025 - Doc: 5749146
  ✓ Clicou em 'Novo'
  → Preenchendo campos...
  ✓ Salvando...
✓ OK!

[2/158] 04/11/2025 - Doc: 1242441
  → Preenchendo campos...
  ✓ Salvando...
✓ OK!

[3/158] 04/11/2025 - Doc: 1242456
  → Preenchendo campos...
  ✓ Salvando...
✓ OK!

[4/158] 04/11/2025 - Doc: 1242474
  → Preenchendo campos...
  ✓ Salvando...
✓ OK!

[5/158] 04/11/2025 - Doc: 1242483
  → Preenchendo campos...
  ✓ Salvando...
✓ OK!

[6/158] 04/11/2025 - Doc: 1242499
  → Preenchendo campos...
  ✓ Salvando...
✓ OK!

[7/158] 04/11/2025 - Doc: 1242520
  → Preenchendo campos...
  ✓ Salvando...
✓ OK!

[8/158] 04/11/2025 - Doc: 1242535
  → Preenchendo campos...
  ✓ Salvando...
✓ OK!

[9/158] 04/11/2025 - Doc: 1242545
  → Preenchendo campos...
  ✓ Salvando...
✓ OK!

[10/158] 04/11/2025 - Doc: 1242557
  → Preenchendo campos...
  ✓ Salvando...
✓ OK!

[11/158] 04/11/2025 - Doc: 1242568
  → Preenchendo campos...
  ✓ Salvando...
✓ OK!

[12/158] 04/11/2025 - Doc: 1242579
  → Preenchendo campos...
  ✓ Salvando...
✓ OK!

[13/158] 04/11/2025 - Doc: 1242589
  → Preenchendo campos...
  ✓ Salvando...
✓ OK!

[14/158] 04/11/2025 - Doc: 1243004
  → Preenchendo campos...
  ✓ Salvando...
✓ OK!

[15/158] 04/11/2025 - Doc: 1310042
  → Preenchendo campos...
  ✓ Salvando...
✓ OK!

[16/158] 04/11/2025 - Doc: 1426152
  → Preenchendo campos...
  ✓ Salvando...
✓ OK!

[17/158] 04/11/2025 - Doc: 1426417
  → Preenchendo campos...
  ✓ Salvando...
✓ OK!

[18/158] 04/11/2025 - Doc: 1515179
  → Preenchendo campos...
  ✓ Salvando...
✓ OK!

[19/158] 04/11/2025 - Doc: 1515256
  → Preenchendo campos...
  ✓ Salvando...
✓ OK!

[20/158] 04/11/2025 - Doc: 1515273
  → Preenchendo campos...
  ✓ Salvando...
✓ OK!

[21/158] 04/11/2025 - Doc: 1625451
  → Preenchendo campos...
  ✓ Salvando...
✓ OK!

[22/158] 04/11/2025 - Doc: 1515221
  → Preenchendo campos...
  ✓ Salvando...
✓ OK!

[23/158] 04/11/2025 - Doc: 5970102
  → Preenchendo campos...
  ✓ Salvando...

⚠ Parado

============================================================
RESUMO
============================================================
✓ Sucesso: 22
✗ Erro: 0
============================================================

