
🚀 Iniciando navegador...
✓ Pronto


============================================================
📊 MULTI-BANCO - TOTAL: 84 registros
============================================================
   4 - ITAU: 72
   6 - BRADESCO: 6
   7 - SANTANDER: 6
============================================================

[1/84] 03/11/2025 - 4 - ITAU - Saída   - Doc: TAR
✓ OK!
[2/84] 03/11/2025 - 4 - ITAU - Entrada - Doc: CRED
✓ OK!
[3/84] 03/11/2025 - 4 - ITAU - Saída   - Doc: TAR
✓ OK!
[4/84] 03/11/2025 - 4 - ITAU - Saída   - Doc: TAR
✓ OK!
[5/84] 03/11/2025 - 4 - ITAU - Entrada - Doc: CRED
✓ OK!
[6/84] 04/11/2025 - 4 - ITAU - Saída   - Doc: TAR
✓ OK!
[7/84] 04/11/2025 - 4 - ITAU - Saída   - Doc: TAR
✓ OK!
[8/84] 04/11/2025 - 4 - ITAU - Saída   - Doc: TAR
✓ OK!
[9/84] 04/11/2025 - 4 - ITAU - Entrada - Doc: CRED
✓ OK!
[10/84] 05/11/2025 - 4 - ITAU - Entrada - Doc: CRED
✓ OK!
[11/84] 05/11/2025 - 4 - ITAU - Saída   - Doc: DEB
✓ OK!
[12/84] 05/11/2025 - 4 - ITAU - Saída   - Doc: TAR
✓ OK!
[13/84] 05/11/2025 - 4 - ITAU - Entrada - Doc: EST
✓ OK!
[14/84] 06/11/2025 - 4 - ITAU - Saída   - Doc: TAR
✓ OK!
[15/84] 07/11/2025 - 4 - ITAU - Entrada - Doc: CRED
✓ OK!
[16/84] 07/11/2025 - 4 - ITAU - Saída   - Doc: TAR
✓ OK!
[17/84] 10/11/2025 - 4 - ITAU - Entrada - Doc: EST
✓ OK!
[18/84] 10/11/2025 - 4 - ITAU - Saída   - Doc: TAR
✓ OK!
[19/84] 10/11/2025 - 4 - ITAU - Saída   - Doc: LUZ
✓ OK!
[20/84] 11/11/2025 - 4 - ITAU - Entrada - Doc: CRED
✓ OK!
[21/84] 11/11/2025 - 4 - ITAU - Saída   - Doc: TAR
✓ OK!
[22/84] 11/11/2025 - 4 - ITAU - Entrada - Doc: CRED
✓ OK!
[23/84] 12/11/2025 - 4 - ITAU - Saída   - Doc: TAR
✓ OK!
[24/84] 12/11/2025 - 4 - ITAU - Entrada - Doc: CRED
✓ OK!
[25/84] 13/11/2025 - 4 - ITAU - Saída   - Doc: TAR
✓ OK!
[26/84] 14/11/2025 - 4 - ITAU - Saída   - Doc: TAR
✓ OK!
[27/84] 17/11/2025 - 4 - ITAU - Saída   - Doc: TAR
✓ OK!
[28/84] 17/11/2025 - 4 - ITAU - Entrada - Doc: DESC
✓ OK!
[29/84] 17/11/2025 - 4 - ITAU - Entrada - Doc: DESC
✓ OK!
[30/84] 17/11/2025 - 4 - ITAU - Saída   - Doc: TAR
✓ OK!
[31/84] 17/11/2025 - 4 - ITAU - Entrada - Doc: DESC
✓ OK!
[32/84] 17/11/2025 - 4 - ITAU - Entrada - Doc: CRED
✓ OK!
[33/84] 18/11/2025 - 4 - ITAU - Saída   - Doc: TAR
✓ OK!
[34/84] 18/11/2025 - 6 - BRADESCO - Saída   - Doc: 9017486
✓ OK!
[35/84] 19/11/2025 - 4 - ITAU - Saída   - Doc: TAR
✓ OK!
[36/84] 19/11/2025 - 4 - ITAU - Entrada - Doc: CRED
✓ OK!
[37/84] 21/11/2025 - 4 - ITAU - Saída   - Doc: TAR
✓ OK!
[38/84] 24/11/2025 - 6 - BRADESCO - Saída   - Doc: 9990328
✓ OK!
[39/84] 24/11/2025 - 6 - BRADESCO - Entrada - Doc: 1812431
✓ OK!
[40/84] 24/11/2025 - 4 - ITAU - Saída   - Doc: TAR
✓ OK!
[41/84] 24/11/2025 - 4 - ITAU - Saída   - Doc: TAR
✓ OK!
[42/84] 24/11/2025 - 4 - ITAU - Saída   - Doc: TAR
✓ OK!
[43/84] 24/11/2025 - 4 - ITAU - Saída   - Doc: TAR
✓ OK!
[44/84] 24/11/2025 - 4 - ITAU - Saída   - Doc: TAR
✓ OK!
[45/84] 24/11/2025 - 4 - ITAU - Saída   - Doc: TAR
✓ OK!
[46/84] 24/11/2025 - 4 - ITAU - Saída   - Doc: TAR
✓ OK!
[47/84] 24/11/2025 - 4 - ITAU - Saída   - Doc: TAR
✓ OK!
[48/84] 24/11/2025 - 4 - ITAU - Saída   - Doc: TAR
✓ OK!
[49/84] 24/11/2025 - 4 - ITAU - Saída   - Doc: TAR
✓ OK!
[50/84] 24/11/2025 - 4 - ITAU - Saída   - Doc: CARRO
✓ OK!
[51/84] 24/11/2025 - 4 - ITAU - Saída   - Doc: TAR
✓ OK!
[52/84] 24/11/2025 - 4 - ITAU - Saída   - Doc: TAR
✓ OK!
[53/84] 24/11/2025 - 4 - ITAU - Saída   - Doc: TAR
✓ OK!
[54/84] 24/11/2025 - 4 - ITAU - Entrada - Doc: CRED
✓ OK!
[55/84] 25/11/2025 - 4 - ITAU - Entrada - Doc: TAR
✓ OK!
[56/84] 25/11/2025 - 4 - ITAU - Entrada - Doc: TAR
✓ OK!
[57/84] 25/11/2025 - 7 - SANTANDER - Saída   - Doc: TAR
✓ OK!
[58/84] 25/11/2025 - 4 - ITAU - Saída   - Doc: TAR
✓ OK!
[59/84] 25/11/2025 - 4 - ITAU - Entrada - Doc: TAR
✓ OK!
[60/84] 25/11/2025 - 4 - ITAU - Entrada - Doc: TAR
✓ OK!
[61/84] 26/11/2025 - 4 - ITAU - Saída   - Doc: TAR
✓ OK!
[62/84] 26/11/2025 - 4 - ITAU - Entrada - Doc: CRED
✓ OK!
[63/84] 26/11/2025 - 4 - ITAU - Saída   - Doc: TAR
✓ OK!
[64/84] 26/11/2025 - 4 - ITAU - Saída   - Doc: TAR
✓ OK!
[65/84] 27/11/2025 - 7 - SANTANDER - Saída   - Doc: TAR
✓ OK!
[66/84] 27/11/2025 - 4 - ITAU - Saída   - Doc: DEB
✓ OK!
[67/84] 28/11/2025 - 4 - ITAU - Saída   - Doc: TAR
✓ OK!
[68/84] 28/11/2025 - 4 - ITAU - Saída   - Doc: TAR
✓ OK!
[69/84] 01/12/2025 - 7 - SANTANDER - Saída   - Doc: TAR
✓ OK!
[70/84] 01/12/2025 - 7 - SANTANDER - Saída   - Doc: TAR
✓ OK!
[71/84] 01/12/2025 - 7 - SANTANDER - Saída   - Doc: TAR
✓ OK!
[72/84] 01/12/2025 - 4 - ITAU - Saída   - Doc: TAR
✓ OK!
[73/84] 01/12/2025 - 4 - ITAU - Saída   - Doc: TAR
✓ OK!
[74/84] 01/12/2025 - 4 - ITAU - Saída   - Doc: TAR
✓ OK!
[75/84] 01/12/2025 - 7 - SANTANDER - Saída   - Doc: TAR
✓ OK!
[76/84] 02/12/2025 - 4 - ITAU - Saída   - Doc: TAR
✓ OK!
[77/84] 02/12/2025 - 4 - ITAU - Saída   - Doc: TAR
✓ OK!
[78/84] 03/12/2025 - 6 - BRADESCO - Saída   - Doc: 251203
✓ OK!
[79/84] 05/12/2025 - 4 - ITAU - Saída   - Doc: DEB
✓ OK!
[80/84] 05/12/2025 - 4 - ITAU - Entrada - Doc: EST
✓ OK!
[81/84] 05/12/2025 - 4 - ITAU - Saída   - Doc: TAR
✓ OK!
[82/84] 08/12/2025 - 4 - ITAU - Saída   - Doc: TAR
✓ OK!
[83/84] 09/12/2025 - 6 - BRADESCO - Saída   - Doc: 31125
✓ OK!
[84/84] 09/12/2025 - 6 - BRADESCO - Saída   - Doc: 9990342
✓ OK!

============================================================
RESUMO MULTI-BANCO
============================================================
✓ Sucesso: 84
✗ Erro: 0
============================================================


🚀 Iniciando navegador...
✓ Pronto


============================================================
📊 MULTI-BANCO - TOTAL: 30 registros
============================================================
   1 - UNICRED: 30
============================================================

[1/30] 03/11/2025 - 1 - UNICRED - Entrada - Doc: TAR
✓ OK!
[2/30] 10/12/2025 - 1 - UNICRED - Saída   - Doc: DEB
✓ OK!
[3/30] 10/12/2025 - 1 - UNICRED - Saída   - Doc: DEB
✓ OK!
[4/30] 10/12/2025 - 1 - UNICRED - Saída   - Doc: DEB
✓ OK!
[5/30] 10/12/2025 - 1 - UNICRED - Saída   - Doc: DEB
✓ OK!
[6/30] 10/12/2025 - 1 - UNICRED - Saída   - Doc: DEB
✓ OK!
[7/30] 10/12/2025 - 1 - UNICRED - Saída   - Doc: DEB
✓ OK!
[8/30] 10/12/2025 - 1 - UNICRED - Saída   - Doc: DEB
✓ OK!
[9/30] 10/12/2025 - 1 - UNICRED - Saída   - Doc: DEB
✓ OK!
[10/30] 10/12/2025 - 1 - UNICRED - Saída   - Doc: DEB
✓ OK!
[11/30] 10/12/2025 - 1 - UNICRED - Saída   - Doc: DEB
✓ OK!
[12/30] 10/12/2025 - 1 - UNICRED - Saída   - Doc: 7,59247E+13
✓ OK!
[13/30] 10/12/2025 - 1 - UNICRED - Saída   - Doc: DEB
✓ OK!
[14/30] 10/12/2025 - 1 - UNICRED - Saída   - Doc: DEB
✓ OK!
[15/30] 10/12/2025 - 1 - UNICRED - Saída   - Doc: DEB
✓ OK!
[16/30] 10/12/2025 - 1 - UNICRED - Saída   - Doc: DEB
✓ OK!
[17/30] 10/12/2025 - 1 - UNICRED - Saída   - Doc: DEB
✓ OK!
[18/30] 10/12/2025 - 1 - UNICRED - Saída   - Doc: DEB
✓ OK!
[19/30] 10/12/2025 - 1 - UNICRED - Saída   - Doc: DEB
✓ OK!
[20/30] 10/12/2025 - 1 - UNICRED - Saída   - Doc: 5,9106E+13
✓ OK!
[21/30] 10/12/2025 - 1 - UNICRED - Saída   - Doc: DEB
✓ OK!
[22/30] 10/12/2025 - 1 - UNICRED - Saída   - Doc: DEB
✓ OK!
[23/30] 10/12/2025 - 1 - UNICRED - Saída   - Doc: DEB
✓ OK!
[24/30] 10/12/2025 - 1 - UNICRED - Entrada - Doc: CRED
✓ OK!
[25/30] 10/12/2025 - 1 - UNICRED - Entrada - Doc: CRED
✓ OK!
[26/30] 10/12/2025 - 1 - UNICRED - Saída   - Doc: FGTS
✓ OK!
[27/30] 10/12/2025 - 1 - UNICRED - Saída   - Doc: FGTS
✓ OK!
[28/30] 10/12/2025 - 1 - UNICRED - Saída   - Doc: FGTS
✓ OK!
[29/30] 10/12/2025 - 1 - UNICRED - Saída   - Doc: FGTS
✓ OK!
[30/30] 10/12/2025 - 1 - UNICRED - Saída   - Doc: FGTS
✓ OK!

============================================================
RESUMO MULTI-BANCO
============================================================
✓ Sucesso: 30
✗ Erro: 0
============================================================

