2025-11-19 19:40:16,682 - INFO - Iniciando navegador...
2025-11-19 19:40:20,494 - INFO - Navegador iniciado com sucesso
2025-11-19 19:40:50,473 - ERROR - 

❌ Erro fatal: 'Data Lançamento'
2025-11-19 19:40:50,473 - INFO - 
============================================================
2025-11-19 19:40:50,474 - INFO - RESUMO DO LANÇAMENTO
2025-11-19 19:40:50,474 - INFO - ============================================================
2025-11-19 19:40:50,474 - INFO - ✓ Sucesso: 0
2025-11-19 19:40:50,475 - INFO - ✗ Erro: 0
2025-11-19 19:40:50,475 - INFO - Total: 0
2025-11-19 19:40:50,475 - INFO - ============================================================

2025-11-19 19:40:50,475 - INFO - Encerrando navegador...
2025-11-19 19:43:58,131 - INFO - Iniciando navegador...
2025-11-19 19:44:00,335 - INFO - Navegador iniciado com sucesso
2025-11-19 19:44:22,852 - INFO - Total de registros no CSV: 174
2025-11-19 19:44:22,852 - INFO - Colunas: ['Data Lançamento', 'Documento', 'Conta Movimento', 'Operação', 'Valor Lançamento', 'Nr Cheque', 'Empresa', 'Plano de Contas', 'Histórico Movimento', 'Complemento Descrição']
2025-11-19 19:44:22,852 - INFO - Pulando registro já lançado: Doc 49294
2025-11-19 19:44:22,853 - INFO - Pulando registro já lançado: Doc 1037148
2025-11-19 19:44:22,853 - INFO - Pulando registro já lançado: Doc 
2025-11-19 19:44:22,853 - INFO - Pulando registro já lançado: Doc 
2025-11-19 19:44:22,853 - INFO - Pulando registro já lançado: Doc 168
2025-11-19 19:44:22,853 - INFO - Pulando registro já lançado: Doc 169
2025-11-19 19:44:22,853 - INFO - Pulando registro já lançado: Doc 
2025-11-19 19:44:22,853 - INFO - Pulando registro já lançado: Doc 
2025-11-19 19:44:22,853 - INFO - Pulando registro já lançado: Doc 
2025-11-19 19:44:22,854 - INFO - Pulando registro já lançado: Doc 
2025-11-19 19:44:22,854 - INFO - Pulando registro já lançado: Doc 
2025-11-19 19:44:22,854 - INFO - Pulando registro já lançado: Doc 
2025-11-19 19:44:22,854 - INFO - Pulando registro já lançado: Doc 
2025-11-19 19:44:22,854 - INFO - Pulando registro já lançado: Doc 
2025-11-19 19:44:22,854 - INFO - Pulando registro já lançado: Doc 
2025-11-19 19:44:22,854 - INFO - Pulando registro já lançado: Doc 
2025-11-19 19:44:22,854 - INFO - 
============================================================
2025-11-19 19:44:22,854 - INFO - TOTAL DE REGISTROS A LANÇAR: 158
2025-11-19 19:44:22,855 - INFO - ============================================================

2025-11-19 19:44:22,855 - INFO - 
Progresso: [1/158]
2025-11-19 19:44:22,855 - INFO - 
============================================================
2025-11-19 19:44:22,855 - INFO - Lançando: 04/11/2025 - Doc: 5749146
2025-11-19 19:44:22,889 - INFO - Frame carregado
2025-11-19 19:44:33,031 - ERROR - Erro ao clicar em Novo: Message: 
Stacktrace:
Symbols not available. Dumping unresolved backtrace:
	0x7ff7916ea235
	0x7ff791442630
	0x7ff7911d16dd
	0x7ff79122a27e
	0x7ff79122a58c
	0x7ff79127ed77
	0x7ff79127baba
	0x7ff79121b0ed
	0x7ff79121bf63
	0x7ff791715d60
	0x7ff79170fe8a
	0x7ff791731005
	0x7ff79145d71e
	0x7ff791464e1f
	0x7ff79144b7c4
	0x7ff79144b97f
	0x7ff7914318e8
	0x7ffc4f75e8d7
	0x7ffc50c6c53c

2025-11-19 19:44:33,032 - WARNING - Falha no registro 1, continuando...
2025-11-19 19:44:34,032 - INFO - 
Progresso: [2/158]
2025-11-19 19:44:34,032 - INFO - 
============================================================
2025-11-19 19:44:34,032 - INFO - Lançando: 04/11/2025 - Doc: 1242441
2025-11-19 19:44:34,055 - INFO - Frame carregado
2025-11-19 19:44:44,197 - ERROR - Erro ao clicar em Novo: Message: 
Stacktrace:
Symbols not available. Dumping unresolved backtrace:
	0x7ff7916ea235
	0x7ff791442630
	0x7ff7911d16dd
	0x7ff79122a27e
	0x7ff79122a58c
	0x7ff79127ed77
	0x7ff79127baba
	0x7ff79121b0ed
	0x7ff79121bf63
	0x7ff791715d60
	0x7ff79170fe8a
	0x7ff791731005
	0x7ff79145d71e
	0x7ff791464e1f
	0x7ff79144b7c4
	0x7ff79144b97f
	0x7ff7914318e8
	0x7ffc4f75e8d7
	0x7ffc50c6c53c

2025-11-19 19:44:44,197 - WARNING - Falha no registro 2, continuando...
2025-11-19 19:44:45,198 - INFO - 
Progresso: [3/158]
2025-11-19 19:44:45,198 - INFO - 
============================================================
2025-11-19 19:44:45,198 - INFO - Lançando: 04/11/2025 - Doc: 1242456
2025-11-19 19:44:45,287 - INFO - Frame carregado
2025-11-19 19:44:55,418 - ERROR - Erro ao clicar em Novo: Message: 
Stacktrace:
Symbols not available. Dumping unresolved backtrace:
	0x7ff7916ea235
	0x7ff791442630
	0x7ff7911d16dd
	0x7ff79122a27e
	0x7ff79122a58c
	0x7ff79127ed77
	0x7ff79127baba
	0x7ff79121b0ed
	0x7ff79121bf63
	0x7ff791715d60
	0x7ff79170fe8a
	0x7ff791731005
	0x7ff79145d71e
	0x7ff791464e1f
	0x7ff79144b7c4
	0x7ff79144b97f
	0x7ff7914318e8
	0x7ffc4f75e8d7
	0x7ffc50c6c53c

2025-11-19 19:44:55,419 - WARNING - Falha no registro 3, continuando...
2025-11-19 19:44:56,419 - INFO - 
Progresso: [4/158]
2025-11-19 19:44:56,419 - INFO - 
============================================================
2025-11-19 19:44:56,420 - INFO - Lançando: 04/11/2025 - Doc: 1242474
2025-11-19 19:44:56,443 - INFO - Frame carregado
2025-11-19 19:44:57,177 - WARNING - 

⚠️  Processo interrompido pelo usuário
2025-11-19 19:44:57,177 - INFO - 
============================================================
2025-11-19 19:44:57,177 - INFO - RESUMO DO LANÇAMENTO
2025-11-19 19:44:57,177 - INFO - ============================================================
2025-11-19 19:44:57,177 - INFO - ✓ Sucesso: 0
2025-11-19 19:44:57,178 - INFO - ✗ Erro: 0
2025-11-19 19:44:57,178 - INFO - Total: 0
2025-11-19 19:44:57,178 - INFO - ============================================================

2025-11-19 19:44:57,178 - INFO - Encerrando navegador...
2025-11-19 19:45:04,769 - INFO - Iniciando navegador...
2025-11-19 19:45:06,207 - INFO - Navegador iniciado com sucesso
2025-11-19 19:45:33,402 - INFO - Total de registros no CSV: 174
2025-11-19 19:45:33,402 - INFO - Colunas: ['Data Lançamento', 'Documento', 'Conta Movimento', 'Operação', 'Valor Lançamento', 'Nr Cheque', 'Empresa', 'Plano de Contas', 'Histórico Movimento', 'Complemento Descrição']
2025-11-19 19:45:33,402 - INFO - Pulando registro já lançado: Doc 49294
2025-11-19 19:45:33,402 - INFO - Pulando registro já lançado: Doc 1037148
2025-11-19 19:45:33,402 - INFO - Pulando registro já lançado: Doc 
2025-11-19 19:45:33,402 - INFO - Pulando registro já lançado: Doc 
2025-11-19 19:45:33,402 - INFO - Pulando registro já lançado: Doc 168
2025-11-19 19:45:33,402 - INFO - Pulando registro já lançado: Doc 169
2025-11-19 19:45:33,403 - INFO - Pulando registro já lançado: Doc 
2025-11-19 19:45:33,403 - INFO - Pulando registro já lançado: Doc 
2025-11-19 19:45:33,403 - INFO - Pulando registro já lançado: Doc 
2025-11-19 19:45:33,403 - INFO - Pulando registro já lançado: Doc 
2025-11-19 19:45:33,403 - INFO - Pulando registro já lançado: Doc 
2025-11-19 19:45:33,403 - INFO - Pulando registro já lançado: Doc 
2025-11-19 19:45:33,403 - INFO - Pulando registro já lançado: Doc 
2025-11-19 19:45:33,403 - INFO - Pulando registro já lançado: Doc 
2025-11-19 19:45:33,404 - INFO - Pulando registro já lançado: Doc 
2025-11-19 19:45:33,404 - INFO - Pulando registro já lançado: Doc 
2025-11-19 19:45:33,404 - INFO - 
============================================================
2025-11-19 19:45:33,404 - INFO - TOTAL DE REGISTROS A LANÇAR: 158
2025-11-19 19:45:33,404 - INFO - ============================================================

2025-11-19 19:45:33,404 - INFO - 
Progresso: [1/158]
2025-11-19 19:45:33,404 - INFO - 
============================================================
2025-11-19 19:45:33,404 - INFO - Lançando: 04/11/2025 - Doc: 5749146
2025-11-19 19:45:33,436 - INFO - Frame carregado
2025-11-19 19:45:39,121 - WARNING - 

⚠️  Processo interrompido pelo usuário
2025-11-19 19:45:39,121 - INFO - 
============================================================
2025-11-19 19:45:39,121 - INFO - RESUMO DO LANÇAMENTO
2025-11-19 19:45:39,122 - INFO - ============================================================
2025-11-19 19:45:39,122 - INFO - ✓ Sucesso: 0
2025-11-19 19:45:39,122 - INFO - ✗ Erro: 0
2025-11-19 19:45:39,122 - INFO - Total: 0
2025-11-19 19:45:39,122 - INFO - ============================================================

2025-11-19 19:45:39,122 - INFO - Encerrando navegador...
2025-11-19 19:45:43,209 - WARNING - Retrying (Retry(total=2, connect=None, read=None, redirect=None, status=None)) after connection broken by 'NewConnectionError('<urllib3.connection.HTTPConnection object at 0x000001759E91B610>: Failed to establish a new connection: [WinError 10061] Nenhuma conexão pôde ser feita porque a máquina de destino as recusou ativamente')': /session/4333600dc918954548145df8d0bf647b
2025-11-19 19:45:47,296 - WARNING - Retrying (Retry(total=1, connect=None, read=None, redirect=None, status=None)) after connection broken by 'NewConnectionError('<urllib3.connection.HTTPConnection object at 0x000001759E91B110>: Failed to establish a new connection: [WinError 10061] Nenhuma conexão pôde ser feita porque a máquina de destino as recusou ativamente')': /session/4333600dc918954548145df8d0bf647b
2025-11-19 19:45:51,371 - WARNING - Retrying (Retry(total=0, connect=None, read=None, redirect=None, status=None)) after connection broken by 'NewConnectionError('<urllib3.connection.HTTPConnection object at 0x000001759E837100>: Failed to establish a new connection: [WinError 10061] Nenhuma conexão pôde ser feita porque a máquina de destino as recusou ativamente')': /session/4333600dc918954548145df8d0bf647b
2025-11-19 19:47:05,852 - INFO - Iniciando navegador...
2025-11-19 19:47:07,302 - INFO - Navegador iniciado com sucesso
2025-11-19 19:47:27,727 - INFO - Total de registros no CSV: 174
2025-11-19 19:47:27,727 - INFO - Colunas: ['Data Lançamento', 'Documento', 'Conta Movimento', 'Operação', 'Valor Lançamento', 'Nr Cheque', 'Empresa', 'Plano de Contas', 'Histórico Movimento', 'Complemento Descrição']
2025-11-19 19:47:27,727 - INFO - Pulando registro já lançado: Doc 49294
2025-11-19 19:47:27,727 - INFO - Pulando registro já lançado: Doc 1037148
2025-11-19 19:47:27,727 - INFO - Pulando registro já lançado: Doc 
2025-11-19 19:47:27,728 - INFO - Pulando registro já lançado: Doc 
2025-11-19 19:47:27,728 - INFO - Pulando registro já lançado: Doc 168
2025-11-19 19:47:27,728 - INFO - Pulando registro já lançado: Doc 169
2025-11-19 19:47:27,728 - INFO - Pulando registro já lançado: Doc 
2025-11-19 19:47:27,728 - INFO - Pulando registro já lançado: Doc 
2025-11-19 19:47:27,728 - INFO - Pulando registro já lançado: Doc 
2025-11-19 19:47:27,728 - INFO - Pulando registro já lançado: Doc 
2025-11-19 19:47:27,729 - INFO - Pulando registro já lançado: Doc 
2025-11-19 19:47:27,729 - INFO - Pulando registro já lançado: Doc 
2025-11-19 19:47:27,729 - INFO - Pulando registro já lançado: Doc 
2025-11-19 19:47:27,729 - INFO - Pulando registro já lançado: Doc 
2025-11-19 19:47:27,729 - INFO - Pulando registro já lançado: Doc 
2025-11-19 19:47:27,729 - INFO - Pulando registro já lançado: Doc 
2025-11-19 19:47:27,729 - INFO - 
============================================================
2025-11-19 19:47:27,730 - INFO - TOTAL DE REGISTROS A LANÇAR: 158
2025-11-19 19:47:27,730 - INFO - ============================================================

2025-11-19 19:47:27,730 - INFO - 
Progresso: [1/158]
2025-11-19 19:47:27,730 - INFO - 
============================================================
2025-11-19 19:47:27,730 - INFO - Lançando: 04/11/2025 - Doc: 5749146
2025-11-19 19:47:29,779 - INFO - Frame carregado
2025-11-19 19:48:45,899 - ERROR - Não foi possível encontrar o botão Novo
2025-11-19 19:48:45,900 - WARNING - Falha no registro 1, continuando...
2025-11-19 19:48:46,901 - INFO - 
Progresso: [2/158]
2025-11-19 19:48:46,901 - INFO - 
============================================================
2025-11-19 19:48:46,901 - INFO - Lançando: 04/11/2025 - Doc: 1242441
2025-11-19 19:48:48,929 - INFO - Frame carregado
2025-11-19 19:49:27,306 - ERROR - Não foi possível encontrar o botão Novo
2025-11-19 19:49:27,306 - WARNING - Falha no registro 2, continuando...
2025-11-19 19:49:27,385 - WARNING - 

⚠️  Processo interrompido pelo usuário
2025-11-19 19:49:27,385 - INFO - 
============================================================
2025-11-19 19:49:27,385 - INFO - RESUMO DO LANÇAMENTO
2025-11-19 19:49:27,386 - INFO - ============================================================
2025-11-19 19:49:27,386 - INFO - ✓ Sucesso: 0
2025-11-19 19:49:27,386 - INFO - ✗ Erro: 0
2025-11-19 19:49:27,386 - INFO - Total: 0
2025-11-19 19:49:27,386 - INFO - ============================================================

2025-11-19 19:49:27,386 - INFO - Encerrando navegador...
2025-11-19 19:50:16,070 - Iniciando navegador...
2025-11-19 19:50:17,340 - ✓ Navegador iniciado
2025-11-19 19:50:39,395 - 
============================================================
2025-11-19 19:50:39,395 - TOTAL A PROCESSAR: 158 registros
2025-11-19 19:50:39,395 - ============================================================

2025-11-19 19:50:39,396 - 
============================================================
2025-11-19 19:50:39,396 - [1/158] 04/11/2025 - Doc: 5749146
2025-11-19 19:50:39,396 - ============================================================
2025-11-19 19:50:39,396 - Procurando iframe correto...
2025-11-19 19:50:39,410 -   Total de iframes: 3
2025-11-19 19:50:39,457 - ✓ Botão 'Novo' encontrado no iframe 1
2025-11-19 19:50:39,463 -   ✓ Clicou em 'Novo'
2025-11-19 19:50:41,464 -   → Preenchendo campos...
2025-11-19 19:50:41,469 -   ⚠ Não preencheu data
2025-11-19 19:50:41,479 -   ⚠ Não selecionou conta
2025-11-19 19:50:41,483 -   ⚠ Não marcou operação
2025-11-19 19:50:41,489 -   ⚠ Não preencheu valor
2025-11-19 19:50:41,494 -   ⚠ Não selecionou empresa
2025-11-19 19:50:41,498 -   ⚠ Não selecionou histórico
2025-11-19 19:50:41,503 -   ⚠ Não preencheu complemento
2025-11-19 19:50:42,503 -   → Salvando...
2025-11-19 19:50:42,509 -   ✗ Não clicou em Incluir
2025-11-19 19:50:43,510 - 
============================================================
2025-11-19 19:50:43,510 - [2/158] 04/11/2025 - Doc: 1242441
2025-11-19 19:50:43,510 - ============================================================
2025-11-19 19:50:43,510 - Procurando iframe correto...
2025-11-19 19:50:43,518 -   Total de iframes: 3
2025-11-19 19:50:43,560 - ✓ Botão 'Novo' encontrado no iframe 1
2025-11-19 19:50:43,565 -   ✓ Clicou em 'Novo'
2025-11-19 19:50:45,565 -   → Preenchendo campos...
2025-11-19 19:50:45,570 -   ⚠ Não preencheu data
2025-11-19 19:50:45,579 -   ⚠ Não selecionou conta
2025-11-19 19:50:45,583 -   ⚠ Não marcou operação
2025-11-19 19:50:45,587 -   ⚠ Não preencheu valor
2025-11-19 19:50:45,591 -   ⚠ Não selecionou empresa
2025-11-19 19:50:45,596 -   ⚠ Não selecionou histórico
2025-11-19 19:50:45,600 -   ⚠ Não preencheu complemento
2025-11-19 19:50:46,601 -   → Salvando...
2025-11-19 19:50:46,606 -   ✗ Não clicou em Incluir
2025-11-19 19:50:47,606 - 
============================================================
2025-11-19 19:50:47,606 - [3/158] 04/11/2025 - Doc: 1242456
2025-11-19 19:50:47,606 - ============================================================
2025-11-19 19:50:47,607 - Procurando iframe correto...
2025-11-19 19:50:47,615 -   Total de iframes: 3
2025-11-19 19:50:47,678 - ✓ Botão 'Novo' encontrado no iframe 1
2025-11-19 19:50:47,684 -   ✓ Clicou em 'Novo'
2025-11-19 19:50:49,684 -   → Preenchendo campos...
2025-11-19 19:50:49,792 -   ⚠ Não preencheu data
2025-11-19 19:50:49,802 -   ⚠ Não selecionou conta
2025-11-19 19:50:49,809 -   ⚠ Não marcou operação
2025-11-19 19:50:49,818 -   ⚠ Não preencheu valor
2025-11-19 19:50:49,823 -   ⚠ Não selecionou empresa
2025-11-19 19:50:49,829 -   ⚠ Não selecionou histórico
2025-11-19 19:50:49,834 -   ⚠ Não preencheu complemento
2025-11-19 19:50:50,835 -   → Salvando...
2025-11-19 19:50:50,839 -   ✓ Clicou em 'Incluir'
2025-11-19 19:50:52,839 -   ✓ SUCESSO!
2025-11-19 19:50:53,840 - 
============================================================
2025-11-19 19:50:53,840 - [4/158] 04/11/2025 - Doc: 1242474
2025-11-19 19:50:53,840 - ============================================================
2025-11-19 19:50:53,840 - Procurando iframe correto...
2025-11-19 19:50:53,849 -   Total de iframes: 3
2025-11-19 19:50:53,907 - ✗ Botão 'Novo' não encontrado em nenhum iframe
2025-11-19 19:50:53,907 - ✗ Não encontrou iframe
2025-11-19 19:50:54,908 - 
============================================================
2025-11-19 19:50:54,908 - [5/158] 04/11/2025 - Doc: 1242483
2025-11-19 19:50:54,908 - ============================================================
2025-11-19 19:50:54,908 - Procurando iframe correto...
2025-11-19 19:50:54,916 -   Total de iframes: 3
2025-11-19 19:50:54,971 - ✗ Botão 'Novo' não encontrado em nenhum iframe
2025-11-19 19:50:54,971 - ✗ Não encontrou iframe
2025-11-19 19:50:55,972 - 
============================================================
2025-11-19 19:50:55,972 - [6/158] 04/11/2025 - Doc: 1242499
2025-11-19 19:50:55,972 - ============================================================
2025-11-19 19:50:55,972 - Procurando iframe correto...
2025-11-19 19:50:55,980 -   Total de iframes: 3
2025-11-19 19:50:56,034 - ✗ Botão 'Novo' não encontrado em nenhum iframe
2025-11-19 19:50:56,034 - ✗ Não encontrou iframe
2025-11-19 19:50:57,034 - 
============================================================
2025-11-19 19:50:57,035 - [7/158] 04/11/2025 - Doc: 1242520
2025-11-19 19:50:57,035 - ============================================================
2025-11-19 19:50:57,035 - Procurando iframe correto...
2025-11-19 19:50:57,042 -   Total de iframes: 3
2025-11-19 19:50:57,096 - ✗ Botão 'Novo' não encontrado em nenhum iframe
2025-11-19 19:50:57,096 - ✗ Não encontrou iframe
2025-11-19 19:50:58,096 - 
============================================================
2025-11-19 19:50:58,097 - [8/158] 04/11/2025 - Doc: 1242535
2025-11-19 19:50:58,097 - ============================================================
2025-11-19 19:50:58,097 - Procurando iframe correto...
2025-11-19 19:50:58,105 -   Total de iframes: 3
2025-11-19 19:50:58,161 - ✗ Botão 'Novo' não encontrado em nenhum iframe
2025-11-19 19:50:58,161 - ✗ Não encontrou iframe
2025-11-19 19:50:59,162 - 
============================================================
2025-11-19 19:50:59,162 - [9/158] 04/11/2025 - Doc: 1242545
2025-11-19 19:50:59,162 - ============================================================
2025-11-19 19:50:59,163 - Procurando iframe correto...
2025-11-19 19:50:59,171 -   Total de iframes: 3
2025-11-19 19:50:59,226 - ✗ Botão 'Novo' não encontrado em nenhum iframe
2025-11-19 19:50:59,226 - ✗ Não encontrou iframe
2025-11-19 19:51:00,227 - 
============================================================
2025-11-19 19:51:00,227 - [10/158] 04/11/2025 - Doc: 1242557
2025-11-19 19:51:00,227 - ============================================================
2025-11-19 19:51:00,227 - Procurando iframe correto...
2025-11-19 19:51:00,235 -   Total de iframes: 3
2025-11-19 19:51:00,288 - ✗ Botão 'Novo' não encontrado em nenhum iframe
2025-11-19 19:51:00,289 - ✗ Não encontrou iframe
2025-11-19 19:51:01,289 - 
============================================================
2025-11-19 19:51:01,289 - [11/158] 04/11/2025 - Doc: 1242568
2025-11-19 19:51:01,290 - ============================================================
2025-11-19 19:51:01,290 - Procurando iframe correto...
2025-11-19 19:51:01,297 -   Total de iframes: 3
2025-11-19 19:51:01,356 - ✗ Botão 'Novo' não encontrado em nenhum iframe
2025-11-19 19:51:01,356 - ✗ Não encontrou iframe
2025-11-19 19:51:02,357 - 
============================================================
2025-11-19 19:51:02,357 - [12/158] 04/11/2025 - Doc: 1242579
2025-11-19 19:51:02,357 - ============================================================
2025-11-19 19:51:02,357 - Procurando iframe correto...
2025-11-19 19:51:02,364 -   Total de iframes: 3
2025-11-19 19:51:02,417 - ✗ Botão 'Novo' não encontrado em nenhum iframe
2025-11-19 19:51:02,417 - ✗ Não encontrou iframe
2025-11-19 19:51:03,417 - 
============================================================
2025-11-19 19:51:03,417 - [13/158] 04/11/2025 - Doc: 1242589
2025-11-19 19:51:03,418 - ============================================================
2025-11-19 19:51:03,418 - Procurando iframe correto...
2025-11-19 19:51:03,425 -   Total de iframes: 3
2025-11-19 19:51:03,480 - ✗ Botão 'Novo' não encontrado em nenhum iframe
2025-11-19 19:51:03,480 - ✗ Não encontrou iframe
2025-11-19 19:51:04,480 - 
============================================================
2025-11-19 19:51:04,481 - [14/158] 04/11/2025 - Doc: 1243004
2025-11-19 19:51:04,481 - ============================================================
2025-11-19 19:51:04,481 - Procurando iframe correto...
2025-11-19 19:51:04,488 -   Total de iframes: 3
2025-11-19 19:51:04,540 - ✗ Botão 'Novo' não encontrado em nenhum iframe
2025-11-19 19:51:04,540 - ✗ Não encontrou iframe
2025-11-19 19:51:05,540 - 
============================================================
2025-11-19 19:51:05,541 - [15/158] 04/11/2025 - Doc: 1310042
2025-11-19 19:51:05,541 - ============================================================
2025-11-19 19:51:05,541 - Procurando iframe correto...
2025-11-19 19:51:05,548 -   Total de iframes: 3
2025-11-19 19:51:05,600 - ✗ Botão 'Novo' não encontrado em nenhum iframe
2025-11-19 19:51:05,600 - ✗ Não encontrou iframe
2025-11-19 19:51:06,601 - 
============================================================
2025-11-19 19:51:06,601 - [16/158] 04/11/2025 - Doc: 1426152
2025-11-19 19:51:06,601 - ============================================================
2025-11-19 19:51:06,601 - Procurando iframe correto...
2025-11-19 19:51:06,609 -   Total de iframes: 3
2025-11-19 19:51:06,661 - ✗ Botão 'Novo' não encontrado em nenhum iframe
2025-11-19 19:51:06,661 - ✗ Não encontrou iframe
2025-11-19 19:51:07,662 - 
============================================================
2025-11-19 19:51:07,662 - [17/158] 04/11/2025 - Doc: 1426417
2025-11-19 19:51:07,662 - ============================================================
2025-11-19 19:51:07,662 - Procurando iframe correto...
2025-11-19 19:51:07,669 -   Total de iframes: 3
2025-11-19 19:51:07,722 - ✗ Botão 'Novo' não encontrado em nenhum iframe
2025-11-19 19:51:07,722 - ✗ Não encontrou iframe
2025-11-19 19:51:08,723 - 
============================================================
2025-11-19 19:51:08,723 - [18/158] 04/11/2025 - Doc: 1515179
2025-11-19 19:51:08,723 - ============================================================
2025-11-19 19:51:08,723 - Procurando iframe correto...
2025-11-19 19:51:08,734 -   Total de iframes: 3
2025-11-19 19:51:08,797 - ✗ Botão 'Novo' não encontrado em nenhum iframe
2025-11-19 19:51:08,797 - ✗ Não encontrou iframe
2025-11-19 19:51:09,798 - 
============================================================
2025-11-19 19:51:09,798 - [19/158] 04/11/2025 - Doc: 1515256
2025-11-19 19:51:09,798 - ============================================================
2025-11-19 19:51:09,798 - Procurando iframe correto...
2025-11-19 19:51:09,805 -   Total de iframes: 3
2025-11-19 19:51:09,859 - ✗ Botão 'Novo' não encontrado em nenhum iframe
2025-11-19 19:51:09,859 - ✗ Não encontrou iframe
2025-11-19 19:51:10,860 - 
============================================================
2025-11-19 19:51:10,860 - [20/158] 04/11/2025 - Doc: 1515273
2025-11-19 19:51:10,860 - ============================================================
2025-11-19 19:51:10,860 - Procurando iframe correto...
2025-11-19 19:51:10,868 -   Total de iframes: 3
2025-11-19 19:51:10,927 - ✗ Botão 'Novo' não encontrado em nenhum iframe
2025-11-19 19:51:10,927 - ✗ Não encontrou iframe
2025-11-19 19:51:11,928 - 
============================================================
2025-11-19 19:51:11,928 - [21/158] 04/11/2025 - Doc: 1625451
2025-11-19 19:51:11,929 - ============================================================
2025-11-19 19:51:11,929 - Procurando iframe correto...
2025-11-19 19:51:11,936 -   Total de iframes: 3
2025-11-19 19:51:11,989 - ✗ Botão 'Novo' não encontrado em nenhum iframe
2025-11-19 19:51:11,989 - ✗ Não encontrou iframe
2025-11-19 19:51:12,990 - 
============================================================
2025-11-19 19:51:12,990 - [22/158] 04/11/2025 - Doc: 1515221
2025-11-19 19:51:12,990 - ============================================================
2025-11-19 19:51:12,990 - Procurando iframe correto...
2025-11-19 19:51:12,997 -   Total de iframes: 3
2025-11-19 19:51:13,049 - ✗ Botão 'Novo' não encontrado em nenhum iframe
2025-11-19 19:51:13,049 - ✗ Não encontrou iframe
2025-11-19 19:51:14,049 - 
============================================================
2025-11-19 19:51:14,050 - [23/158] 04/11/2025 - Doc: 5970102
2025-11-19 19:51:14,050 - ============================================================
2025-11-19 19:51:14,050 - Procurando iframe correto...
2025-11-19 19:51:14,056 -   Total de iframes: 3
2025-11-19 19:51:14,111 - ✗ Botão 'Novo' não encontrado em nenhum iframe
2025-11-19 19:51:14,111 - ✗ Não encontrou iframe
2025-11-19 19:51:15,111 - 
============================================================
2025-11-19 19:51:15,112 - [24/158] 05/11/2025 - Doc: 4501778
2025-11-19 19:51:15,112 - ============================================================
2025-11-19 19:51:15,112 - Procurando iframe correto...
2025-11-19 19:51:15,119 -   Total de iframes: 3
2025-11-19 19:51:15,215 - ✗ Botão 'Novo' não encontrado em nenhum iframe
2025-11-19 19:51:15,216 - ✗ Não encontrou iframe
2025-11-19 19:51:16,216 - 
============================================================
2025-11-19 19:51:16,217 - [25/158] 05/11/2025 - Doc: 5891069
2025-11-19 19:51:16,217 - ============================================================
2025-11-19 19:51:16,217 - Procurando iframe correto...
2025-11-19 19:51:16,224 -   Total de iframes: 3
2025-11-19 19:51:16,277 - ✗ Botão 'Novo' não encontrado em nenhum iframe
2025-11-19 19:51:16,278 - ✗ Não encontrou iframe
2025-11-19 19:51:17,278 - 
============================================================
2025-11-19 19:51:17,279 - [26/158] 05/11/2025 - Doc: 5891498
2025-11-19 19:51:17,279 - ============================================================
2025-11-19 19:51:17,279 - Procurando iframe correto...
2025-11-19 19:51:17,286 -   Total de iframes: 3
2025-11-19 19:51:17,345 - ✗ Botão 'Novo' não encontrado em nenhum iframe
2025-11-19 19:51:17,346 - ✗ Não encontrou iframe
2025-11-19 19:51:18,346 - 
============================================================
2025-11-19 19:51:18,346 - [27/158] 05/11/2025 - Doc: 5749648
2025-11-19 19:51:18,346 - ============================================================
2025-11-19 19:51:18,346 - Procurando iframe correto...
2025-11-19 19:51:18,354 -   Total de iframes: 3
2025-11-19 19:51:18,412 - ✗ Botão 'Novo' não encontrado em nenhum iframe
2025-11-19 19:51:18,413 - ✗ Não encontrou iframe
2025-11-19 19:51:19,413 - 
============================================================
2025-11-19 19:51:19,413 - [28/158] 05/11/2025 - Doc: 6633809
2025-11-19 19:51:19,413 - ============================================================
2025-11-19 19:51:19,413 - Procurando iframe correto...
2025-11-19 19:51:19,420 -   Total de iframes: 3
2025-11-19 19:51:19,475 - ✗ Botão 'Novo' não encontrado em nenhum iframe
2025-11-19 19:51:19,476 - ✗ Não encontrou iframe
2025-11-19 19:51:20,476 - 
============================================================
2025-11-19 19:51:20,476 - [29/158] 05/11/2025 - Doc: 4501778
2025-11-19 19:51:20,476 - ============================================================
2025-11-19 19:51:20,476 - Procurando iframe correto...
2025-11-19 19:51:20,484 -   Total de iframes: 3
2025-11-19 19:51:20,543 - ✗ Botão 'Novo' não encontrado em nenhum iframe
2025-11-19 19:51:20,543 - ✗ Não encontrou iframe
2025-11-19 19:51:21,544 - 
============================================================
2025-11-19 19:51:21,544 - [30/158] 05/11/2025 - Doc: 4501778
2025-11-19 19:51:21,544 - ============================================================
2025-11-19 19:51:21,545 - Procurando iframe correto...
2025-11-19 19:51:21,552 -   Total de iframes: 3
2025-11-19 19:51:21,608 - ✗ Botão 'Novo' não encontrado em nenhum iframe
2025-11-19 19:51:21,608 - ✗ Não encontrou iframe
2025-11-19 19:51:22,609 - 
============================================================
2025-11-19 19:51:22,609 - [31/158] 05/11/2025 - Doc: 1204312
2025-11-19 19:51:22,609 - ============================================================
2025-11-19 19:51:22,609 - Procurando iframe correto...
2025-11-19 19:51:22,617 -   Total de iframes: 3
2025-11-19 19:51:22,672 - ✗ Botão 'Novo' não encontrado em nenhum iframe
2025-11-19 19:51:22,672 - ✗ Não encontrou iframe
2025-11-19 19:51:23,673 - 
============================================================
2025-11-19 19:51:23,673 - [32/158] 05/11/2025 - Doc: 1409537
2025-11-19 19:51:23,673 - ============================================================
2025-11-19 19:51:23,673 - Procurando iframe correto...
2025-11-19 19:51:23,681 -   Total de iframes: 3
2025-11-19 19:51:23,734 - ✗ Botão 'Novo' não encontrado em nenhum iframe
2025-11-19 19:51:23,735 - ✗ Não encontrou iframe
2025-11-19 19:51:24,735 - 
============================================================
2025-11-19 19:51:24,735 - [33/158] 05/11/2025 - Doc: 1530478
2025-11-19 19:51:24,735 - ============================================================
2025-11-19 19:51:24,735 - Procurando iframe correto...
2025-11-19 19:51:24,743 -   Total de iframes: 3
2025-11-19 19:51:24,794 - ✗ Botão 'Novo' não encontrado em nenhum iframe
2025-11-19 19:51:24,795 - ✗ Não encontrou iframe
2025-11-19 19:51:25,795 - 
============================================================
2025-11-19 19:51:25,795 - [34/158] 05/11/2025 - Doc: 1530493
2025-11-19 19:51:25,796 - ============================================================
2025-11-19 19:51:25,796 - Procurando iframe correto...
2025-11-19 19:51:25,803 -   Total de iframes: 3
2025-11-19 19:51:25,855 - ✗ Botão 'Novo' não encontrado em nenhum iframe
2025-11-19 19:51:25,856 - ✗ Não encontrou iframe
2025-11-19 19:51:26,856 - 
============================================================
2025-11-19 19:51:26,856 - [35/158] 05/11/2025 - Doc: 1758305
2025-11-19 19:51:26,856 - ============================================================
2025-11-19 19:51:26,857 - Procurando iframe correto...
2025-11-19 19:51:26,864 -   Total de iframes: 3
2025-11-19 19:51:26,919 - ✗ Botão 'Novo' não encontrado em nenhum iframe
2025-11-19 19:51:26,919 - ✗ Não encontrou iframe
2025-11-19 19:51:27,920 - 
============================================================
2025-11-19 19:51:27,920 - [36/158] 05/11/2025 - Doc: 1843328
2025-11-19 19:51:27,920 - ============================================================
2025-11-19 19:51:27,920 - Procurando iframe correto...
2025-11-19 19:51:27,930 -   Total de iframes: 3
2025-11-19 19:51:28,001 - ✗ Botão 'Novo' não encontrado em nenhum iframe
2025-11-19 19:51:28,001 - ✗ Não encontrou iframe
2025-11-19 19:51:29,002 - 
============================================================
2025-11-19 19:51:29,002 - [37/158] 05/11/2025 - Doc: 1901563
2025-11-19 19:51:29,002 - ============================================================
2025-11-19 19:51:29,002 - Procurando iframe correto...
2025-11-19 19:51:29,011 -   Total de iframes: 3
2025-11-19 19:51:29,072 - ✗ Botão 'Novo' não encontrado em nenhum iframe
2025-11-19 19:51:29,073 - ✗ Não encontrou iframe
2025-11-19 19:51:30,073 - 
============================================================
2025-11-19 19:51:30,073 - [38/158] 05/11/2025 - Doc: 1901581
2025-11-19 19:51:30,074 - ============================================================
2025-11-19 19:51:30,074 - Procurando iframe correto...
2025-11-19 19:51:30,082 -   Total de iframes: 3
2025-11-19 19:51:30,143 - ✗ Botão 'Novo' não encontrado em nenhum iframe
2025-11-19 19:51:30,144 - ✗ Não encontrou iframe
2025-11-19 19:51:31,144 - 
============================================================
2025-11-19 19:51:31,145 - [39/158] 05/11/2025 - Doc: 1901596
2025-11-19 19:51:31,145 - ============================================================
2025-11-19 19:51:31,145 - Procurando iframe correto...
2025-11-19 19:51:31,153 -   Total de iframes: 3
2025-11-19 19:51:31,213 - ✗ Botão 'Novo' não encontrado em nenhum iframe
2025-11-19 19:51:31,213 - ✗ Não encontrou iframe
2025-11-19 19:51:32,214 - 
============================================================
2025-11-19 19:51:32,214 - [40/158] 05/11/2025 - Doc: 1902015
2025-11-19 19:51:32,214 - ============================================================
2025-11-19 19:51:32,214 - Procurando iframe correto...
2025-11-19 19:51:32,224 -   Total de iframes: 3
2025-11-19 19:51:32,286 - ✗ Botão 'Novo' não encontrado em nenhum iframe
2025-11-19 19:51:32,286 - ✗ Não encontrou iframe
2025-11-19 19:51:33,286 - 
============================================================
2025-11-19 19:51:33,287 - [41/158] 05/11/2025 - Doc: 1902037
2025-11-19 19:51:33,287 - ============================================================
2025-11-19 19:51:33,287 - Procurando iframe correto...
2025-11-19 19:51:33,297 -   Total de iframes: 3
2025-11-19 19:51:33,368 - ✗ Botão 'Novo' não encontrado em nenhum iframe
2025-11-19 19:51:33,369 - ✗ Não encontrou iframe
2025-11-19 19:51:34,369 - 
============================================================
2025-11-19 19:51:34,369 - [42/158] 05/11/2025 - Doc: 1902053
2025-11-19 19:51:34,369 - ============================================================
2025-11-19 19:51:34,370 - Procurando iframe correto...
2025-11-19 19:51:34,377 -   Total de iframes: 3
2025-11-19 19:51:34,431 - ✗ Botão 'Novo' não encontrado em nenhum iframe
2025-11-19 19:51:34,431 - ✗ Não encontrou iframe
2025-11-19 19:51:35,432 - 
============================================================
2025-11-19 19:51:35,432 - [43/158] 05/11/2025 - Doc: 1902066
2025-11-19 19:51:35,432 - ============================================================
2025-11-19 19:51:35,432 - Procurando iframe correto...
2025-11-19 19:51:35,439 -   Total de iframes: 3
2025-11-19 19:51:35,496 - ✗ Botão 'Novo' não encontrado em nenhum iframe
2025-11-19 19:51:35,497 - ✗ Não encontrou iframe
2025-11-19 19:51:36,497 - 
============================================================
2025-11-19 19:51:36,498 - [44/158] 05/11/2025 - Doc: 1902075
2025-11-19 19:51:36,498 - ============================================================
2025-11-19 19:51:36,498 - Procurando iframe correto...
2025-11-19 19:51:36,507 -   Total de iframes: 3
2025-11-19 19:51:36,569 - ✗ Botão 'Novo' não encontrado em nenhum iframe
2025-11-19 19:51:36,569 - ✗ Não encontrou iframe
2025-11-19 19:51:37,569 - 
============================================================
2025-11-19 19:51:37,570 - [45/158] 05/11/2025 - Doc: 1902085
2025-11-19 19:51:37,570 - ============================================================
2025-11-19 19:51:37,570 - Procurando iframe correto...
2025-11-19 19:51:37,578 -   Total de iframes: 3
2025-11-19 19:51:37,643 - ✗ Botão 'Novo' não encontrado em nenhum iframe
2025-11-19 19:51:37,643 - ✗ Não encontrou iframe
2025-11-19 19:51:38,643 - 
============================================================
2025-11-19 19:51:38,644 - [46/158] 05/11/2025 - Doc: 1911106
2025-11-19 19:51:38,644 - ============================================================
2025-11-19 19:51:38,644 - Procurando iframe correto...
2025-11-19 19:51:38,652 -   Total de iframes: 3
2025-11-19 19:51:38,708 - ✗ Botão 'Novo' não encontrado em nenhum iframe
2025-11-19 19:51:38,708 - ✗ Não encontrou iframe
2025-11-19 19:51:39,708 - 
============================================================
2025-11-19 19:51:39,709 - [47/158] 05/11/2025 - Doc: 1930045
2025-11-19 19:51:39,709 - ============================================================
2025-11-19 19:51:39,709 - Procurando iframe correto...
2025-11-19 19:51:39,716 -   Total de iframes: 3
2025-11-19 19:51:39,771 - ✗ Botão 'Novo' não encontrado em nenhum iframe
2025-11-19 19:51:39,771 - ✗ Não encontrou iframe
2025-11-19 19:51:40,772 - 
============================================================
2025-11-19 19:51:40,772 - [48/158] 05/11/2025 - Doc: 1930049
2025-11-19 19:51:40,772 - ============================================================
2025-11-19 19:51:40,772 - Procurando iframe correto...
2025-11-19 19:51:40,780 -   Total de iframes: 3
2025-11-19 19:51:40,834 - ✗ Botão 'Novo' não encontrado em nenhum iframe
2025-11-19 19:51:40,834 - ✗ Não encontrou iframe
2025-11-19 19:51:41,834 - 
============================================================
2025-11-19 19:51:41,834 - [49/158] 05/11/2025 - Doc: 1531192
2025-11-19 19:51:41,835 - ============================================================
2025-11-19 19:51:41,835 - Procurando iframe correto...
2025-11-19 19:51:41,842 -   Total de iframes: 3
2025-11-19 19:51:41,896 - ✗ Botão 'Novo' não encontrado em nenhum iframe
2025-11-19 19:51:41,897 - ✗ Não encontrou iframe
2025-11-19 19:51:42,897 - 
============================================================
2025-11-19 19:51:42,897 - [50/158] 06/11/2025 - Doc: 5749104
2025-11-19 19:51:42,897 - ============================================================
2025-11-19 19:51:42,898 - Procurando iframe correto...
2025-11-19 19:51:42,906 -   Total de iframes: 3
2025-11-19 19:51:42,973 - ✗ Botão 'Novo' não encontrado em nenhum iframe
2025-11-19 19:51:42,974 - ✗ Não encontrou iframe
2025-11-19 19:51:43,974 - 
============================================================
2025-11-19 19:51:43,974 - [51/158] 06/11/2025 - Doc: 5749549
2025-11-19 19:51:43,975 - ============================================================
2025-11-19 19:51:43,975 - Procurando iframe correto...
2025-11-19 19:51:43,983 -   Total de iframes: 3
2025-11-19 19:51:44,042 - ✗ Botão 'Novo' não encontrado em nenhum iframe
2025-11-19 19:51:44,042 - ✗ Não encontrou iframe
2025-11-19 19:51:45,043 - 
============================================================
2025-11-19 19:51:45,043 - [52/158] 06/11/2025 - Doc: 1132141
2025-11-19 19:51:45,043 - ============================================================
2025-11-19 19:51:45,043 - Procurando iframe correto...
2025-11-19 19:51:45,052 -   Total de iframes: 3
2025-11-19 19:51:45,117 - ✗ Botão 'Novo' não encontrado em nenhum iframe
2025-11-19 19:51:45,117 - ✗ Não encontrou iframe
2025-11-19 19:51:46,118 - 
============================================================
2025-11-19 19:51:46,118 - [53/158] 06/11/2025 - Doc: 1132160
2025-11-19 19:51:46,118 - ============================================================
2025-11-19 19:51:46,118 - Procurando iframe correto...
2025-11-19 19:51:46,127 -   Total de iframes: 3
2025-11-19 19:51:46,198 - ✗ Botão 'Novo' não encontrado em nenhum iframe
2025-11-19 19:51:46,199 - ✗ Não encontrou iframe
2025-11-19 19:51:47,199 - 
============================================================
2025-11-19 19:51:47,200 - [54/158] 06/11/2025 - Doc: 1219331
2025-11-19 19:51:47,200 - ============================================================
2025-11-19 19:51:47,200 - Procurando iframe correto...
2025-11-19 19:51:47,211 -   Total de iframes: 3
2025-11-19 19:51:47,295 - ✗ Botão 'Novo' não encontrado em nenhum iframe
2025-11-19 19:51:47,296 - ✗ Não encontrou iframe
2025-11-19 19:51:48,296 - 
============================================================
2025-11-19 19:51:48,297 - [55/158] 06/11/2025 - Doc: 1219341
2025-11-19 19:51:48,297 - ============================================================
2025-11-19 19:51:48,297 - Procurando iframe correto...
2025-11-19 19:51:48,306 -   Total de iframes: 3
2025-11-19 19:51:48,374 - ✗ Botão 'Novo' não encontrado em nenhum iframe
2025-11-19 19:51:48,374 - ✗ Não encontrou iframe
2025-11-19 19:51:49,375 - 
============================================================
2025-11-19 19:51:49,375 - [56/158] 06/11/2025 - Doc: 1219354
2025-11-19 19:51:49,375 - ============================================================
2025-11-19 19:51:49,375 - Procurando iframe correto...
2025-11-19 19:51:49,385 -   Total de iframes: 3
2025-11-19 19:51:49,461 - ✗ Botão 'Novo' não encontrado em nenhum iframe
2025-11-19 19:51:49,461 - ✗ Não encontrou iframe
2025-11-19 19:51:50,462 - 
============================================================
2025-11-19 19:51:50,462 - [57/158] 06/11/2025 - Doc: 1219362
2025-11-19 19:51:50,462 - ============================================================
2025-11-19 19:51:50,462 - Procurando iframe correto...
2025-11-19 19:51:50,472 -   Total de iframes: 3
2025-11-19 19:51:50,542 - ✗ Botão 'Novo' não encontrado em nenhum iframe
2025-11-19 19:51:50,542 - ✗ Não encontrou iframe
2025-11-19 19:51:51,542 - 
============================================================
2025-11-19 19:51:51,543 - [58/158] 06/11/2025 - Doc: 1219364
2025-11-19 19:51:51,543 - ============================================================
2025-11-19 19:51:51,543 - Procurando iframe correto...
2025-11-19 19:51:51,553 -   Total de iframes: 3
2025-11-19 19:51:51,624 - ✗ Botão 'Novo' não encontrado em nenhum iframe
2025-11-19 19:51:51,624 - ✗ Não encontrou iframe
2025-11-19 19:51:52,625 - 
============================================================
2025-11-19 19:51:52,625 - [59/158] 06/11/2025 - Doc: 1219367
2025-11-19 19:51:52,625 - ============================================================
2025-11-19 19:51:52,625 - Procurando iframe correto...
2025-11-19 19:51:52,635 -   Total de iframes: 3
2025-11-19 19:51:52,696 - ✗ Botão 'Novo' não encontrado em nenhum iframe
2025-11-19 19:51:52,697 - ✗ Não encontrou iframe
2025-11-19 19:51:53,697 - 
============================================================
2025-11-19 19:51:53,697 - [60/158] 06/11/2025 - Doc: 1219370
2025-11-19 19:51:53,697 - ============================================================
2025-11-19 19:51:53,698 - Procurando iframe correto...
2025-11-19 19:51:53,707 -   Total de iframes: 3
2025-11-19 19:51:53,774 - ✗ Botão 'Novo' não encontrado em nenhum iframe
2025-11-19 19:51:53,774 - ✗ Não encontrou iframe
2025-11-19 19:51:54,775 - 
============================================================
2025-11-19 19:51:54,775 - [61/158] 06/11/2025 - Doc: 1219386
2025-11-19 19:51:54,775 - ============================================================
2025-11-19 19:51:54,776 - Procurando iframe correto...
2025-11-19 19:51:54,784 -   Total de iframes: 3
2025-11-19 19:51:54,847 - ✗ Botão 'Novo' não encontrado em nenhum iframe
2025-11-19 19:51:54,847 - ✗ Não encontrou iframe
2025-11-19 19:51:55,848 - 
============================================================
2025-11-19 19:51:55,848 - [62/158] 06/11/2025 - Doc: 1219401
2025-11-19 19:51:55,848 - ============================================================
2025-11-19 19:51:55,849 - Procurando iframe correto...
2025-11-19 19:51:55,857 -   Total de iframes: 3
2025-11-19 19:51:55,916 - ✗ Botão 'Novo' não encontrado em nenhum iframe
2025-11-19 19:51:55,917 - ✗ Não encontrou iframe
2025-11-19 19:51:56,917 - 
============================================================
2025-11-19 19:51:56,917 - [63/158] 06/11/2025 - Doc: 1219418
2025-11-19 19:51:56,917 - ============================================================
2025-11-19 19:51:56,918 - Procurando iframe correto...
2025-11-19 19:51:56,926 -   Total de iframes: 3
2025-11-19 19:51:56,985 - ✗ Botão 'Novo' não encontrado em nenhum iframe
2025-11-19 19:51:56,986 - ✗ Não encontrou iframe
2025-11-19 19:51:57,986 - 
============================================================
2025-11-19 19:51:57,987 - [64/158] 06/11/2025 - Doc: 1219427
2025-11-19 19:51:57,987 - ============================================================
2025-11-19 19:51:57,987 - Procurando iframe correto...
2025-11-19 19:51:57,995 -   Total de iframes: 3
2025-11-19 19:51:58,050 - ✗ Botão 'Novo' não encontrado em nenhum iframe
2025-11-19 19:51:58,051 - ✗ Não encontrou iframe
2025-11-19 19:51:59,051 - 
============================================================
2025-11-19 19:51:59,051 - [65/158] 06/11/2025 - Doc: 1219447
2025-11-19 19:51:59,052 - ============================================================
2025-11-19 19:51:59,052 - Procurando iframe correto...
2025-11-19 19:51:59,059 -   Total de iframes: 3
2025-11-19 19:51:59,130 - ✗ Botão 'Novo' não encontrado em nenhum iframe
2025-11-19 19:51:59,130 - ✗ Não encontrou iframe
2025-11-19 19:52:00,131 - 
============================================================
2025-11-19 19:52:00,131 - [66/158] 06/11/2025 - Doc: 1219466
2025-11-19 19:52:00,132 - ============================================================
2025-11-19 19:52:00,132 - Procurando iframe correto...
2025-11-19 19:52:00,141 -   Total de iframes: 3
2025-11-19 19:52:00,197 - ✗ Botão 'Novo' não encontrado em nenhum iframe
2025-11-19 19:52:00,197 - ✗ Não encontrou iframe
2025-11-19 19:52:01,198 - 
============================================================
2025-11-19 19:52:01,198 - [67/158] 06/11/2025 - Doc: 1223591
2025-11-19 19:52:01,198 - ============================================================
2025-11-19 19:52:01,199 - Procurando iframe correto...
2025-11-19 19:52:01,206 -   Total de iframes: 3
2025-11-19 19:52:01,264 - ✗ Botão 'Novo' não encontrado em nenhum iframe
2025-11-19 19:52:01,264 - ✗ Não encontrou iframe
2025-11-19 19:52:02,265 - 
============================================================
2025-11-19 19:52:02,265 - [68/158] 06/11/2025 - Doc: 1224011
2025-11-19 19:52:02,265 - ============================================================
2025-11-19 19:52:02,265 - Procurando iframe correto...
2025-11-19 19:52:02,274 -   Total de iframes: 3
2025-11-19 19:52:02,337 - ✗ Botão 'Novo' não encontrado em nenhum iframe
2025-11-19 19:52:02,337 - ✗ Não encontrou iframe
2025-11-19 19:52:03,337 - 
============================================================
2025-11-19 19:52:03,337 - [69/158] 06/11/2025 - Doc: 1224035
2025-11-19 19:52:03,338 - ============================================================
2025-11-19 19:52:03,338 - Procurando iframe correto...
2025-11-19 19:52:03,345 -   Total de iframes: 3
2025-11-19 19:52:03,402 - ✗ Botão 'Novo' não encontrado em nenhum iframe
2025-11-19 19:52:03,402 - ✗ Não encontrou iframe
2025-11-19 19:52:04,403 - 
============================================================
2025-11-19 19:52:04,403 - [70/158] 06/11/2025 - Doc: 1224055
2025-11-19 19:52:04,403 - ============================================================
2025-11-19 19:52:04,403 - Procurando iframe correto...
2025-11-19 19:52:04,411 -   Total de iframes: 3
2025-11-19 19:52:04,492 - ✗ Botão 'Novo' não encontrado em nenhum iframe
2025-11-19 19:52:04,492 - ✗ Não encontrou iframe
2025-11-19 19:52:05,493 - 
============================================================
2025-11-19 19:52:05,493 - [71/158] 06/11/2025 - Doc: 1224076
2025-11-19 19:52:05,493 - ============================================================
2025-11-19 19:52:05,493 - Procurando iframe correto...
2025-11-19 19:52:05,501 -   Total de iframes: 3
2025-11-19 19:52:05,560 - ✗ Botão 'Novo' não encontrado em nenhum iframe
2025-11-19 19:52:05,560 - ✗ Não encontrou iframe
2025-11-19 19:52:06,561 - 
============================================================
2025-11-19 19:52:06,561 - [72/158] 06/11/2025 - Doc: 1224111
2025-11-19 19:52:06,561 - ============================================================
2025-11-19 19:52:06,561 - Procurando iframe correto...
2025-11-19 19:52:06,570 -   Total de iframes: 3
2025-11-19 19:52:06,629 - ✗ Botão 'Novo' não encontrado em nenhum iframe
2025-11-19 19:52:06,629 - ✗ Não encontrou iframe
2025-11-19 19:52:07,629 - 
============================================================
2025-11-19 19:52:07,630 - [73/158] 06/11/2025 - Doc: 1224127
2025-11-19 19:52:07,630 - ============================================================
2025-11-19 19:52:07,630 - Procurando iframe correto...
2025-11-19 19:52:07,639 -   Total de iframes: 3
2025-11-19 19:52:07,696 - ✗ Botão 'Novo' não encontrado em nenhum iframe
2025-11-19 19:52:07,696 - ✗ Não encontrou iframe
2025-11-19 19:52:08,696 - 
============================================================
2025-11-19 19:52:08,697 - [74/158] 06/11/2025 - Doc: 1224139
2025-11-19 19:52:08,697 - ============================================================
2025-11-19 19:52:08,697 - Procurando iframe correto...
2025-11-19 19:52:08,707 -   Total de iframes: 3
2025-11-19 19:52:08,824 - ✗ Botão 'Novo' não encontrado em nenhum iframe
2025-11-19 19:52:08,824 - ✗ Não encontrou iframe
2025-11-19 19:52:09,825 - 
============================================================
2025-11-19 19:52:09,825 - [75/158] 06/11/2025 - Doc: 1224154
2025-11-19 19:52:09,825 - ============================================================
2025-11-19 19:52:09,826 - Procurando iframe correto...
2025-11-19 19:52:09,834 -   Total de iframes: 3
2025-11-19 19:52:09,893 - ✗ Botão 'Novo' não encontrado em nenhum iframe
2025-11-19 19:52:09,893 - ✗ Não encontrou iframe
2025-11-19 19:52:10,893 - 
============================================================
2025-11-19 19:52:10,894 - [76/158] 06/11/2025 - Doc: 1224166
2025-11-19 19:52:10,894 - ============================================================
2025-11-19 19:52:10,894 - Procurando iframe correto...
2025-11-19 19:52:10,902 -   Total de iframes: 3
2025-11-19 19:52:10,959 - ✗ Botão 'Novo' não encontrado em nenhum iframe
2025-11-19 19:52:10,959 - ✗ Não encontrou iframe
2025-11-19 19:52:11,960 - 
============================================================
2025-11-19 19:52:11,960 - [77/158] 06/11/2025 - Doc: 1224177
2025-11-19 19:52:11,960 - ============================================================
2025-11-19 19:52:11,960 - Procurando iframe correto...
2025-11-19 19:52:11,968 -   Total de iframes: 3
2025-11-19 19:52:12,026 - ✗ Botão 'Novo' não encontrado em nenhum iframe
2025-11-19 19:52:12,026 - ✗ Não encontrou iframe
2025-11-19 19:52:13,027 - 
============================================================
2025-11-19 19:52:13,027 - [78/158] 06/11/2025 - Doc: 1224191
2025-11-19 19:52:13,027 - ============================================================
2025-11-19 19:52:13,027 - Procurando iframe correto...
2025-11-19 19:52:13,035 -   Total de iframes: 3
2025-11-19 19:52:13,092 - ✗ Botão 'Novo' não encontrado em nenhum iframe
2025-11-19 19:52:13,092 - ✗ Não encontrou iframe
2025-11-19 19:52:14,093 - 
============================================================
2025-11-19 19:52:14,093 - [79/158] 06/11/2025 - Doc: 1224203
2025-11-19 19:52:14,093 - ============================================================
2025-11-19 19:52:14,093 - Procurando iframe correto...
2025-11-19 19:52:14,100 -   Total de iframes: 3
2025-11-19 19:52:14,157 - ✗ Botão 'Novo' não encontrado em nenhum iframe
2025-11-19 19:52:14,157 - ✗ Não encontrou iframe
2025-11-19 19:52:15,158 - 
============================================================
2025-11-19 19:52:15,158 - [80/158] 06/11/2025 - Doc: 1227139
2025-11-19 19:52:15,158 - ============================================================
2025-11-19 19:52:15,158 - Procurando iframe correto...
2025-11-19 19:52:15,165 -   Total de iframes: 3
2025-11-19 19:52:15,222 - ✗ Botão 'Novo' não encontrado em nenhum iframe
2025-11-19 19:52:15,223 - ✗ Não encontrou iframe
2025-11-19 19:52:16,223 - 
============================================================
2025-11-19 19:52:16,223 - [81/158] 06/11/2025 - Doc: 1248102
2025-11-19 19:52:16,224 - ============================================================
2025-11-19 19:52:16,224 - Procurando iframe correto...
2025-11-19 19:52:16,231 -   Total de iframes: 3
2025-11-19 19:52:16,289 - ✗ Botão 'Novo' não encontrado em nenhum iframe
2025-11-19 19:52:16,289 - ✗ Não encontrou iframe
2025-11-19 19:52:17,289 - 
============================================================
2025-11-19 19:52:17,290 - [82/158] 06/11/2025 - Doc: 1252224
2025-11-19 19:52:17,290 - ============================================================
2025-11-19 19:52:17,290 - Procurando iframe correto...
2025-11-19 19:52:17,298 -   Total de iframes: 3
2025-11-19 19:52:17,360 - ✗ Botão 'Novo' não encontrado em nenhum iframe
2025-11-19 19:52:17,361 - ✗ Não encontrou iframe
2025-11-19 19:52:18,361 - 
============================================================
2025-11-19 19:52:18,361 - [83/158] 06/11/2025 - Doc: 1335204
2025-11-19 19:52:18,361 - ============================================================
2025-11-19 19:52:18,361 - Procurando iframe correto...
2025-11-19 19:52:18,369 -   Total de iframes: 3
2025-11-19 19:52:18,427 - ✗ Botão 'Novo' não encontrado em nenhum iframe
2025-11-19 19:52:18,427 - ✗ Não encontrou iframe
2025-11-19 19:52:19,427 - 
============================================================
2025-11-19 19:52:19,428 - [84/158] 06/11/2025 - Doc: 1438281
2025-11-19 19:52:19,428 - ============================================================
2025-11-19 19:52:19,428 - Procurando iframe correto...
2025-11-19 19:52:19,435 -   Total de iframes: 3
2025-11-19 19:52:19,493 - ✗ Botão 'Novo' não encontrado em nenhum iframe
2025-11-19 19:52:19,493 - ✗ Não encontrou iframe
2025-11-19 19:52:20,494 - 
============================================================
2025-11-19 19:52:20,494 - [85/158] 06/11/2025 - Doc: 1438298
2025-11-19 19:52:20,494 - ============================================================
2025-11-19 19:52:20,494 - Procurando iframe correto...
2025-11-19 19:52:20,501 -   Total de iframes: 3
2025-11-19 19:52:20,562 - ✗ Botão 'Novo' não encontrado em nenhum iframe
2025-11-19 19:52:20,562 - ✗ Não encontrou iframe
2025-11-19 19:52:21,563 - 
============================================================
2025-11-19 19:52:21,563 - [86/158] 06/11/2025 - Doc: 1438310
2025-11-19 19:52:21,563 - ============================================================
2025-11-19 19:52:21,563 - Procurando iframe correto...
2025-11-19 19:52:21,572 -   Total de iframes: 3
2025-11-19 19:52:21,642 - ✗ Botão 'Novo' não encontrado em nenhum iframe
2025-11-19 19:52:21,643 - ✗ Não encontrou iframe
2025-11-19 19:52:22,643 - 
============================================================
2025-11-19 19:52:22,643 - [87/158] 06/11/2025 - Doc: 1438325
2025-11-19 19:52:22,644 - ============================================================
2025-11-19 19:52:22,644 - Procurando iframe correto...
2025-11-19 19:52:22,653 -   Total de iframes: 3
2025-11-19 19:52:22,717 - ✗ Botão 'Novo' não encontrado em nenhum iframe
2025-11-19 19:52:22,717 - ✗ Não encontrou iframe
2025-11-19 19:52:23,717 - 
============================================================
2025-11-19 19:52:23,718 - [88/158] 06/11/2025 - Doc: 1438337
2025-11-19 19:52:23,718 - ============================================================
2025-11-19 19:52:23,718 - Procurando iframe correto...
2025-11-19 19:52:23,725 -   Total de iframes: 3
2025-11-19 19:52:23,780 - ✗ Botão 'Novo' não encontrado em nenhum iframe
2025-11-19 19:52:23,780 - ✗ Não encontrou iframe
2025-11-19 19:52:24,781 - 
============================================================
2025-11-19 19:52:24,781 - [89/158] 06/11/2025 - Doc: 1438349
2025-11-19 19:52:24,781 - ============================================================
2025-11-19 19:52:24,782 - Procurando iframe correto...
2025-11-19 19:52:24,789 -   Total de iframes: 3
2025-11-19 19:52:24,843 - ✗ Botão 'Novo' não encontrado em nenhum iframe
2025-11-19 19:52:24,843 - ✗ Não encontrou iframe
2025-11-19 19:52:25,843 - 
============================================================
2025-11-19 19:52:25,844 - [90/158] 06/11/2025 - Doc: 1719119
2025-11-19 19:52:25,844 - ============================================================
2025-11-19 19:52:25,844 - Procurando iframe correto...
2025-11-19 19:52:25,852 -   Total de iframes: 3
2025-11-19 19:52:25,909 - ✗ Botão 'Novo' não encontrado em nenhum iframe
2025-11-19 19:52:25,909 - ✗ Não encontrou iframe
2025-11-19 19:52:26,910 - 
============================================================
2025-11-19 19:52:26,910 - [91/158] 06/11/2025 - Doc: 1719356
2025-11-19 19:52:26,911 - ============================================================
2025-11-19 19:52:26,911 - Procurando iframe correto...
2025-11-19 19:52:26,918 -   Total de iframes: 3
2025-11-19 19:52:26,970 - ✗ Botão 'Novo' não encontrado em nenhum iframe
2025-11-19 19:52:26,970 - ✗ Não encontrou iframe
2025-11-19 19:52:27,971 - 
============================================================
2025-11-19 19:52:27,971 - [92/158] 06/11/2025 - Doc: 1720025
2025-11-19 19:52:27,971 - ============================================================
2025-11-19 19:52:27,971 - Procurando iframe correto...
2025-11-19 19:52:27,978 -   Total de iframes: 3
2025-11-19 19:52:28,035 - ✗ Botão 'Novo' não encontrado em nenhum iframe
2025-11-19 19:52:28,035 - ✗ Não encontrou iframe
2025-11-19 19:52:29,035 - 
============================================================
2025-11-19 19:52:29,035 - [93/158] 06/11/2025 - Doc: 1720305
2025-11-19 19:52:29,036 - ============================================================
2025-11-19 19:52:29,036 - Procurando iframe correto...
2025-11-19 19:52:29,044 -   Total de iframes: 3
2025-11-19 19:52:29,098 - ✗ Botão 'Novo' não encontrado em nenhum iframe
2025-11-19 19:52:29,098 - ✗ Não encontrou iframe
2025-11-19 19:52:30,099 - 
============================================================
2025-11-19 19:52:30,099 - [94/158] 06/11/2025 - Doc: 1723191
2025-11-19 19:52:30,099 - ============================================================
2025-11-19 19:52:30,099 - Procurando iframe correto...
2025-11-19 19:52:30,106 -   Total de iframes: 3
2025-11-19 19:52:30,158 - ✗ Botão 'Novo' não encontrado em nenhum iframe
2025-11-19 19:52:30,158 - ✗ Não encontrou iframe
2025-11-19 19:52:31,159 - 
============================================================
2025-11-19 19:52:31,159 - [95/158] 06/11/2025 - Doc: 1723375
2025-11-19 19:52:31,159 - ============================================================
2025-11-19 19:52:31,160 - Procurando iframe correto...
2025-11-19 19:52:31,167 -   Total de iframes: 3
2025-11-19 19:52:31,218 - ✗ Botão 'Novo' não encontrado em nenhum iframe
2025-11-19 19:52:31,218 - ✗ Não encontrou iframe
2025-11-19 19:52:32,219 - 
============================================================
2025-11-19 19:52:32,219 - [96/158] 06/11/2025 - Doc: 1724246
2025-11-19 19:52:32,219 - ============================================================
2025-11-19 19:52:32,220 - Procurando iframe correto...
2025-11-19 19:52:32,226 -   Total de iframes: 3
2025-11-19 19:52:32,278 - ✗ Botão 'Novo' não encontrado em nenhum iframe
2025-11-19 19:52:32,278 - ✗ Não encontrou iframe
2025-11-19 19:52:33,112 - 
⚠ Interrompido
2025-11-19 19:52:33,113 - 
============================================================
2025-11-19 19:52:33,113 - RESUMO FINAL
2025-11-19 19:52:33,113 - ============================================================
2025-11-19 19:52:33,113 - ✓ Sucesso: 1
2025-11-19 19:52:33,113 - ✗ Erro: 95
2025-11-19 19:52:33,113 - Total: 96
2025-11-19 19:52:33,113 - ============================================================

2025-11-19 19:52:38,963 - Retrying (Retry(total=2, connect=None, read=None, redirect=None, status=None)) after connection broken by 'NewConnectionError('<urllib3.connection.HTTPConnection object at 0x0000027B50052510>: Failed to establish a new connection: [WinError 10061] Nenhuma conexão pôde ser feita porque a máquina de destino as recusou ativamente')': /session/8ea7b6163800a6b0a9d9174b5448e65c
2025-11-19 19:52:43,068 - Retrying (Retry(total=1, connect=None, read=None, redirect=None, status=None)) after connection broken by 'NewConnectionError('<urllib3.connection.HTTPConnection object at 0x0000027B500CB250>: Failed to establish a new connection: [WinError 10061] Nenhuma conexão pôde ser feita porque a máquina de destino as recusou ativamente')': /session/8ea7b6163800a6b0a9d9174b5448e65c
2025-11-19 19:52:47,144 - Retrying (Retry(total=0, connect=None, read=None, redirect=None, status=None)) after connection broken by 'NewConnectionError('<urllib3.connection.HTTPConnection object at 0x0000027B500CB390>: Failed to establish a new connection: [WinError 10061] Nenhuma conexão pôde ser feita porque a máquina de destino as recusou ativamente')': /session/8ea7b6163800a6b0a9d9174b5448e65c
